<?xml version="1.0" encoding="UTF-8"?>
<!-- Generated by org.testng.reporters.JUnitXMLReporter -->
<testsuite hostname="WINDOWS-0EER12A" ignored="14" name="Command line test" tests="339" failures="273" timestamp="2022-11-23T11:55:24 EET" time="3511.37" errors="0">
  <testcase name="@AfterMethod tearDown" time="0.005" classname="com.cybertek.tests.TestBase">
    <failure type="java.lang.NullPointerException">
      <![CDATA[java.lang.NullPointerException
at com.cybertek.tests.TestBase.tearDown(TestBase.java:82)
at java.util.ArrayList.forEach(ArrayList.java:1259)
... Removed 42 stack frames]]>
    </failure>
  </testcase> <!-- @AfterMethod tearDown -->
  <testcase name="@BeforeMethod setUp" time="-1.669193997176E9" classname="com.cybertek.tests.TestBase">
    <skipped/>
  </testcase> <!-- @BeforeMethod setUp -->
  <testcase name="@AfterMethod tearDown" time="-1.669193997178E9" classname="com.cybertek.tests.TestBase">
    <skipped/>
  </testcase> <!-- @AfterMethod tearDown -->
  <testcase name="@AfterMethod tearDown" time="2.037" classname="com.cybertek.tests.TestBase">
    <failure type="org.openqa.selenium.WebDriverException" message="java.net.ConnectException: Failed to connect to localhost/0:0:0:0:0:0:0:1:5547
Build info: version: &amp;apos;3.141.59&amp;apos;, revision: &amp;apos;e82be7d358&amp;apos;, time: &amp;apos;2018-11-14T08:17:03&amp;apos;
System info: host: &amp;apos;WINDOWS-0EER12A&amp;apos;, ip: &amp;apos;192.168.119.130&amp;apos;, os.name: &amp;apos;Windows 10&amp;apos;, os.arch: &amp;apos;amd64&amp;apos;, os.version: &amp;apos;10.0&amp;apos;, java.version: &amp;apos;1.8.0_321&amp;apos;
Driver info: driver.version: RemoteWebDriver">
      <![CDATA[org.openqa.selenium.WebDriverException: java.net.ConnectException: Failed to connect to localhost/0:0:0:0:0:0:0:1:5547
Build info: version: '3.141.59', revision: 'e82be7d358', time: '2018-11-14T08:17:03'
System info: host: 'WINDOWS-0EER12A', ip: '192.168.119.130', os.name: 'Windows 10', os.arch: 'amd64', os.version: '10.0', java.version: '1.8.0_321'
Driver info: driver.version: RemoteWebDriver
at org.openqa.selenium.remote.service.DriverCommandExecutor.execute(DriverCommandExecutor.java:92)
at org.openqa.selenium.remote.RemoteWebDriver.execute(RemoteWebDriver.java:552)
at org.openqa.selenium.remote.RemoteWebDriver.execute(RemoteWebDriver.java:609)
at org.openqa.selenium.remote.RemoteWebDriver.getScreenshotAs(RemoteWebDriver.java:295)
at com.cybertek.utilities.BrowserUtils.getScreenshot(BrowserUtils.java:31)
at com.cybertek.tests.TestBase.tearDown(TestBase.java:85)
at java.util.ArrayList.forEach(ArrayList.java:1259)
Caused by: java.net.ConnectException: Failed to connect to localhost/0:0:0:0:0:0:0:1:5547
at okhttp3.internal.connection.RealConnection.connectSocket(RealConnection.java:247)
at okhttp3.internal.connection.RealConnection.connect(RealConnection.java:165)
at okhttp3.internal.connection.StreamAllocation.findConnection(StreamAllocation.java:257)
at okhttp3.internal.connection.StreamAllocation.findHealthyConnection(StreamAllocation.java:135)
at okhttp3.internal.connection.StreamAllocation.newStream(StreamAllocation.java:114)
at okhttp3.internal.connection.ConnectInterceptor.intercept(ConnectInterceptor.java:42)
at okhttp3.internal.http.RealInterceptorChain.proceed(RealInterceptorChain.java:147)
at okhttp3.internal.http.RealInterceptorChain.proceed(RealInterceptorChain.java:121)
at okhttp3.internal.cache.CacheInterceptor.intercept(CacheInterceptor.java:93)
at okhttp3.internal.http.RealInterceptorChain.proceed(RealInterceptorChain.java:147)
at okhttp3.internal.http.RealInterceptorChain.proceed(RealInterceptorChain.java:121)
at okhttp3.internal.http.BridgeInterceptor.intercept(BridgeInterceptor.java:93)
at okhttp3.internal.http.RealInterceptorChain.proceed(RealInterceptorChain.java:147)
at okhttp3.internal.http.RetryAndFollowUpInterceptor.intercept(RetryAndFollowUpInterceptor.java:126)
at okhttp3.internal.http.RealInterceptorChain.proceed(RealInterceptorChain.java:147)
at okhttp3.internal.http.RealInterceptorChain.proceed(RealInterceptorChain.java:121)
at okhttp3.RealCall.getResponseWithInterceptorChain(RealCall.java:200)
at okhttp3.RealCall.execute(RealCall.java:77)
at org.openqa.selenium.remote.internal.OkHttpClient.execute(OkHttpClient.java:103)
at org.openqa.selenium.remote.HttpCommandExecutor.execute(HttpCommandExecutor.java:155)
at org.openqa.selenium.remote.service.DriverCommandExecutor.execute(DriverCommandExecutor.java:83)
... 47 more
Caused by: java.net.ConnectException: Connection refused: connect
at java.net.DualStackPlainSocketImpl.waitForConnect(Native Method)
at java.net.DualStackPlainSocketImpl.socketConnect(DualStackPlainSocketImpl.java:81)
at java.net.AbstractPlainSocketImpl.doConnect(AbstractPlainSocketImpl.java:476)
at java.net.AbstractPlainSocketImpl.connectToAddress(AbstractPlainSocketImpl.java:218)
at java.net.AbstractPlainSocketImpl.connect(AbstractPlainSocketImpl.java:200)
at java.net.PlainSocketImpl.connect(PlainSocketImpl.java:162)
at java.net.SocksSocketImpl.connect(SocksSocketImpl.java:394)
at java.net.Socket.connect(Socket.java:606)
at okhttp3.internal.platform.Platform.connectSocket(Platform.java:129)
at okhttp3.internal.connection.RealConnection.connectSocket(RealConnection.java:245)
... 67 more
... Removed 41 stack frames]]>
    </failure>
  </testcase> <!-- @AfterMethod tearDown -->
  <testcase name="@BeforeMethod setUp" time="-1.669197323519E9" classname="com.cybertek.tests.TestBase">
    <skipped/>
  </testcase> <!-- @BeforeMethod setUp -->
  <testcase name="@AfterMethod tearDown" time="-1.669197323519E9" classname="com.cybertek.tests.TestBase">
    <skipped/>
  </testcase> <!-- @AfterMethod tearDown -->
  <testcase name="@BeforeMethod setUp" time="-1.669197323519E9" classname="com.cybertek.tests.TestBase">
    <skipped/>
  </testcase> <!-- @BeforeMethod setUp -->
  <testcase name="@AfterMethod tearDown" time="-1.669197323519E9" classname="com.cybertek.tests.TestBase">
    <skipped/>
  </testcase> <!-- @AfterMethod tearDown -->
  <testcase name="@BeforeMethod setUp" time="-1.669197323519E9" classname="com.cybertek.tests.TestBase">
    <skipped/>
  </testcase> <!-- @BeforeMethod setUp -->
  <testcase name="@AfterMethod tearDown" time="-1.669197323519E9" classname="com.cybertek.tests.TestBase">
    <skipped/>
  </testcase> <!-- @AfterMethod tearDown -->
  <testcase name="@BeforeMethod setUp" time="-1.669197323519E9" classname="com.cybertek.tests.TestBase">
    <skipped/>
  </testcase> <!-- @BeforeMethod setUp -->
  <testcase name="@AfterMethod tearDown" time="-1.669197323521E9" classname="com.cybertek.tests.TestBase">
    <skipped/>
  </testcase> <!-- @AfterMethod tearDown -->
  <testcase name="@BeforeMethod setUp" time="-1.669197323521E9" classname="com.cybertek.tests.TestBase">
    <skipped/>
  </testcase> <!-- @BeforeMethod setUp -->
  <testcase name="@AfterMethod tearDown" time="-1.669197323521E9" classname="com.cybertek.tests.TestBase">
    <skipped/>
  </testcase> <!-- @AfterMethod tearDown -->
  <testcase name="@BeforeMethod setUp" time="-1.669197323521E9" classname="com.cybertek.tests.TestBase">
    <skipped/>
  </testcase> <!-- @BeforeMethod setUp -->
  <testcase name="@AfterMethod tearDown" time="-1.669197323521E9" classname="com.cybertek.tests.TestBase">
    <skipped/>
  </testcase> <!-- @AfterMethod tearDown -->
  <testcase name="@BeforeMethod setUp" time="-1.669197323521E9" classname="com.cybertek.tests.TestBase">
    <skipped/>
  </testcase> <!-- @BeforeMethod setUp -->
  <testcase name="@AfterMethod tearDown" time="-1.669197323521E9" classname="com.cybertek.tests.TestBase">
    <skipped/>
  </testcase> <!-- @AfterMethod tearDown -->
  <testcase name="@BeforeMethod setUp" time="-1.669197323521E9" classname="com.cybertek.tests.TestBase">
    <skipped/>
  </testcase> <!-- @BeforeMethod setUp -->
  <testcase name="@AfterMethod tearDown" time="-1.669197323521E9" classname="com.cybertek.tests.TestBase">
    <skipped/>
  </testcase> <!-- @AfterMethod tearDown -->
  <testcase name="@BeforeMethod setUp" time="-1.669197323521E9" classname="com.cybertek.tests.TestBase">
    <skipped/>
  </testcase> <!-- @BeforeMethod setUp -->
  <testcase name="@AfterMethod tearDown" time="-1.669197323521E9" classname="com.cybertek.tests.TestBase">
    <skipped/>
  </testcase> <!-- @AfterMethod tearDown -->
  <testcase name="@BeforeMethod setUp" time="-1.669197323522E9" classname="com.cybertek.tests.TestBase">
    <skipped/>
  </testcase> <!-- @BeforeMethod setUp -->
  <testcase name="@AfterMethod tearDown" time="-1.669197323522E9" classname="com.cybertek.tests.TestBase">
    <skipped/>
  </testcase> <!-- @AfterMethod tearDown -->
  <testcase name="@BeforeMethod setUp" time="-1.669197323522E9" classname="com.cybertek.tests.TestBase">
    <skipped/>
  </testcase> <!-- @BeforeMethod setUp -->
  <testcase name="@AfterMethod tearDown" time="-1.669197323523E9" classname="com.cybertek.tests.TestBase">
    <skipped/>
  </testcase> <!-- @AfterMethod tearDown -->
  <testcase name="@BeforeMethod setUp" time="-1.669197323523E9" classname="com.cybertek.tests.TestBase">
    <skipped/>
  </testcase> <!-- @BeforeMethod setUp -->
  <testcase name="@AfterMethod tearDown" time="-1.669197323523E9" classname="com.cybertek.tests.TestBase">
    <skipped/>
  </testcase> <!-- @AfterMethod tearDown -->
  <testcase name="@BeforeMethod setUp" time="-1.669197323523E9" classname="com.cybertek.tests.TestBase">
    <skipped/>
  </testcase> <!-- @BeforeMethod setUp -->
  <testcase name="@AfterMethod tearDown" time="-1.669197323523E9" classname="com.cybertek.tests.TestBase">
    <skipped/>
  </testcase> <!-- @AfterMethod tearDown -->
  <testcase name="@BeforeMethod setUp" time="-1.669197323523E9" classname="com.cybertek.tests.TestBase">
    <skipped/>
  </testcase> <!-- @BeforeMethod setUp -->
  <testcase name="@AfterMethod tearDown" time="-1.669197323523E9" classname="com.cybertek.tests.TestBase">
    <skipped/>
  </testcase> <!-- @AfterMethod tearDown -->
  <testcase name="@BeforeMethod setUp" time="-1.669197323524E9" classname="com.cybertek.tests.TestBase">
    <skipped/>
  </testcase> <!-- @BeforeMethod setUp -->
  <testcase name="@AfterMethod tearDown" time="-1.669197323524E9" classname="com.cybertek.tests.TestBase">
    <skipped/>
  </testcase> <!-- @AfterMethod tearDown -->
  <testcase name="@BeforeMethod setUp" time="-1.669197323524E9" classname="com.cybertek.tests.TestBase">
    <skipped/>
  </testcase> <!-- @BeforeMethod setUp -->
  <testcase name="@AfterMethod tearDown" time="-1.669197323525E9" classname="com.cybertek.tests.TestBase">
    <skipped/>
  </testcase> <!-- @AfterMethod tearDown -->
  <testcase name="@BeforeMethod setUp" time="-1.669197323525E9" classname="com.cybertek.tests.TestBase">
    <skipped/>
  </testcase> <!-- @BeforeMethod setUp -->
  <testcase name="@AfterMethod tearDown" time="-1.669197323525E9" classname="com.cybertek.tests.TestBase">
    <skipped/>
  </testcase> <!-- @AfterMethod tearDown -->
  <testcase name="@BeforeMethod setUp" time="-1.669197323525E9" classname="com.cybertek.tests.TestBase">
    <skipped/>
  </testcase> <!-- @BeforeMethod setUp -->
  <testcase name="@AfterMethod tearDown" time="-1.669197323525E9" classname="com.cybertek.tests.TestBase">
    <skipped/>
  </testcase> <!-- @AfterMethod tearDown -->
  <testcase name="@BeforeMethod setUp" time="-1.669197323525E9" classname="com.cybertek.tests.TestBase">
    <skipped/>
  </testcase> <!-- @BeforeMethod setUp -->
  <testcase name="@AfterMethod tearDown" time="-1.669197323525E9" classname="com.cybertek.tests.TestBase">
    <skipped/>
  </testcase> <!-- @AfterMethod tearDown -->
  <testcase name="@BeforeMethod setUp" time="-1.669197323525E9" classname="com.cybertek.tests.TestBase">
    <skipped/>
  </testcase> <!-- @BeforeMethod setUp -->
  <testcase name="@AfterMethod tearDown" time="-1.669197323525E9" classname="com.cybertek.tests.TestBase">
    <skipped/>
  </testcase> <!-- @AfterMethod tearDown -->
  <testcase name="@BeforeMethod setUp" time="-1.669197323526E9" classname="com.cybertek.tests.TestBase">
    <skipped/>
  </testcase> <!-- @BeforeMethod setUp -->
  <testcase name="@AfterMethod tearDown" time="-1.669197323526E9" classname="com.cybertek.tests.TestBase">
    <skipped/>
  </testcase> <!-- @AfterMethod tearDown -->
  <testcase name="@BeforeMethod setUp" time="-1.669197323526E9" classname="com.cybertek.tests.TestBase">
    <skipped/>
  </testcase> <!-- @BeforeMethod setUp -->
  <testcase name="@AfterMethod tearDown" time="-1.669197323526E9" classname="com.cybertek.tests.TestBase">
    <skipped/>
  </testcase> <!-- @AfterMethod tearDown -->
  <testcase name="@BeforeMethod setUp" time="-1.669197323526E9" classname="com.cybertek.tests.TestBase">
    <skipped/>
  </testcase> <!-- @BeforeMethod setUp -->
  <testcase name="@AfterMethod tearDown" time="-1.669197323527E9" classname="com.cybertek.tests.TestBase">
    <skipped/>
  </testcase> <!-- @AfterMethod tearDown -->
  <testcase name="@BeforeMethod setUp" time="-1.669197323527E9" classname="com.cybertek.tests.TestBase">
    <skipped/>
  </testcase> <!-- @BeforeMethod setUp -->
  <testcase name="@AfterMethod tearDown" time="-1.669197323527E9" classname="com.cybertek.tests.TestBase">
    <skipped/>
  </testcase> <!-- @AfterMethod tearDown -->
  <testcase name="@BeforeMethod setUp" time="-1.669197323527E9" classname="com.cybertek.tests.TestBase">
    <skipped/>
  </testcase> <!-- @BeforeMethod setUp -->
  <testcase name="@AfterMethod tearDown" time="-1.669197323527E9" classname="com.cybertek.tests.TestBase">
    <skipped/>
  </testcase> <!-- @AfterMethod tearDown -->
  <testcase name="@BeforeMethod setUp" time="-1.669197323528E9" classname="com.cybertek.tests.TestBase">
    <skipped/>
  </testcase> <!-- @BeforeMethod setUp -->
  <testcase name="@AfterMethod tearDown" time="-1.669197323528E9" classname="com.cybertek.tests.TestBase">
    <skipped/>
  </testcase> <!-- @AfterMethod tearDown -->
  <testcase name="@BeforeMethod setUp" time="-1.669197323528E9" classname="com.cybertek.tests.TestBase">
    <skipped/>
  </testcase> <!-- @BeforeMethod setUp -->
  <testcase name="@AfterMethod tearDown" time="-1.669197323528E9" classname="com.cybertek.tests.TestBase">
    <skipped/>
  </testcase> <!-- @AfterMethod tearDown -->
  <testcase name="@BeforeMethod setUp" time="-1.669197323528E9" classname="com.cybertek.tests.TestBase">
    <skipped/>
  </testcase> <!-- @BeforeMethod setUp -->
  <testcase name="@AfterMethod tearDown" time="-1.669197323528E9" classname="com.cybertek.tests.TestBase">
    <skipped/>
  </testcase> <!-- @AfterMethod tearDown -->
  <testcase name="@BeforeMethod setUp" time="-1.669197323529E9" classname="com.cybertek.tests.TestBase">
    <skipped/>
  </testcase> <!-- @BeforeMethod setUp -->
  <testcase name="@AfterMethod tearDown" time="-1.669197323529E9" classname="com.cybertek.tests.TestBase">
    <skipped/>
  </testcase> <!-- @AfterMethod tearDown -->
  <testcase name="@BeforeMethod setUp" time="-1.669197323529E9" classname="com.cybertek.tests.TestBase">
    <skipped/>
  </testcase> <!-- @BeforeMethod setUp -->
  <testcase name="@AfterMethod tearDown" time="-1.669197323529E9" classname="com.cybertek.tests.TestBase">
    <skipped/>
  </testcase> <!-- @AfterMethod tearDown -->
  <testcase name="@BeforeMethod setUp" time="-1.669197323529E9" classname="com.cybertek.tests.TestBase">
    <skipped/>
  </testcase> <!-- @BeforeMethod setUp -->
  <testcase name="@AfterMethod tearDown" time="-1.66919732353E9" classname="com.cybertek.tests.TestBase">
    <skipped/>
  </testcase> <!-- @AfterMethod tearDown -->
  <testcase name="@BeforeMethod setUp" time="-1.66919732353E9" classname="com.cybertek.tests.TestBase">
    <skipped/>
  </testcase> <!-- @BeforeMethod setUp -->
  <testcase name="@AfterMethod tearDown" time="-1.66919732353E9" classname="com.cybertek.tests.TestBase">
    <skipped/>
  </testcase> <!-- @AfterMethod tearDown -->
  <testcase name="@BeforeMethod setUp" time="-1.669197323531E9" classname="com.cybertek.tests.TestBase">
    <skipped/>
  </testcase> <!-- @BeforeMethod setUp -->
  <testcase name="@AfterMethod tearDown" time="-1.669197323531E9" classname="com.cybertek.tests.TestBase">
    <skipped/>
  </testcase> <!-- @AfterMethod tearDown -->
  <testcase name="Test" time="4.174" classname="com.cybertek.reviews.day06.ActionsIframeCSSTest"/>
  <testcase name="dragAndDrop" time="10.814" classname="com.cybertek.tests.day10_actions_js.ActionsTest"/>
  <testcase name="dragAndDropChaining" time="10.532" classname="com.cybertek.tests.day10_actions_js.ActionsTest"/>
  <testcase name="hoverTest" time="4.553" classname="com.cybertek.tests.day10_actions_js.ActionsTest"/>
  <testcase name="test1" time="0.0" classname="com.cybertek.tests.day7_testng.FirstTestNGTest"/>
  <testcase name="test2" time="0.0" classname="com.cybertek.tests.day7_testng.FirstTestNGTest"/>
  <testcase name="oneImage" time="5.122" classname="com.cybertek.tests.day10_actions_js.HoverTest"/>
  <testcase name="test2" time="6.685" classname="com.cybertek.tests.day10_actions_js.HoverTest"/>
  <testcase name="TestWithActionClass" time="15.029" classname="com.cybertek.reviews.day06.Scrolling_Test">
    <failure type="org.openqa.selenium.NoSuchElementException" message="no such element: Unable to locate element: {&amp;quot;method&amp;quot;:&amp;quot;link text&amp;quot;,&amp;quot;selector&amp;quot;:&amp;quot;Cybertek School&amp;quot;}
  (Session info: chrome=107.0.5304.107)
For documentation on this error, please visit: https://www.seleniumhq.org/exceptions/no_such_element.html
Build info: version: &amp;apos;3.141.59&amp;apos;, revision: &amp;apos;e82be7d358&amp;apos;, time: &amp;apos;2018-11-14T08:17:03&amp;apos;
System info: host: &amp;apos;WINDOWS-0EER12A&amp;apos;, ip: &amp;apos;192.168.119.130&amp;apos;, os.name: &amp;apos;Windows 10&amp;apos;, os.arch: &amp;apos;amd64&amp;apos;, os.version: &amp;apos;10.0&amp;apos;, java.version: &amp;apos;1.8.0_321&amp;apos;
Driver info: org.openqa.selenium.chrome.ChromeDriver
Capabilities {acceptInsecureCerts: false, browserName: chrome, browserVersion: 107.0.5304.107, chrome: {chromedriverVersion: 107.0.5304.62 (1eec40d3a576..., userDataDir: C:\Users\User\AppData\Local...}, goog:chromeOptions: {debuggerAddress: localhost:52243}, javascriptEnabled: true, networkConnectionEnabled: false, pageLoadStrategy: normal, platform: WINDOWS, platformName: WINDOWS, proxy: Proxy(), setWindowRect: true, strictFileInteractability: false, timeouts: {implicit: 0, pageLoad: 300000, script: 30000}, unhandledPromptBehavior: dismiss and notify, webauthn:extension:credBlob: true, webauthn:extension:largeBlob: true, webauthn:virtualAuthenticators: true}
Session ID: 727354c3069d53a4fc603c98a985de87
*** Element info: {Using=link text, value=Cybertek School}">
      <![CDATA[org.openqa.selenium.NoSuchElementException: no such element: Unable to locate element: {"method":"link text","selector":"Cybertek School"}
  (Session info: chrome=107.0.5304.107)
For documentation on this error, please visit: https://www.seleniumhq.org/exceptions/no_such_element.html
Build info: version: '3.141.59', revision: 'e82be7d358', time: '2018-11-14T08:17:03'
System info: host: 'WINDOWS-0EER12A', ip: '192.168.119.130', os.name: 'Windows 10', os.arch: 'amd64', os.version: '10.0', java.version: '1.8.0_321'
Driver info: org.openqa.selenium.chrome.ChromeDriver
Capabilities {acceptInsecureCerts: false, browserName: chrome, browserVersion: 107.0.5304.107, chrome: {chromedriverVersion: 107.0.5304.62 (1eec40d3a576..., userDataDir: C:\Users\User\AppData\Local...}, goog:chromeOptions: {debuggerAddress: localhost:52243}, javascriptEnabled: true, networkConnectionEnabled: false, pageLoadStrategy: normal, platform: WINDOWS, platformName: WINDOWS, proxy: Proxy(), setWindowRect: true, strictFileInteractability: false, timeouts: {implicit: 0, pageLoad: 300000, script: 30000}, unhandledPromptBehavior: dismiss and notify, webauthn:extension:credBlob: true, webauthn:extension:largeBlob: true, webauthn:virtualAuthenticators: true}
Session ID: 727354c3069d53a4fc603c98a985de87
*** Element info: {Using=link text, value=Cybertek School}
at org.openqa.selenium.remote.http.W3CHttpResponseCodec.createException(W3CHttpResponseCodec.java:187)
at org.openqa.selenium.remote.http.W3CHttpResponseCodec.decode(W3CHttpResponseCodec.java:122)
at org.openqa.selenium.remote.http.W3CHttpResponseCodec.decode(W3CHttpResponseCodec.java:49)
at org.openqa.selenium.remote.HttpCommandExecutor.execute(HttpCommandExecutor.java:158)
at org.openqa.selenium.remote.service.DriverCommandExecutor.execute(DriverCommandExecutor.java:83)
at org.openqa.selenium.remote.RemoteWebDriver.execute(RemoteWebDriver.java:552)
at org.openqa.selenium.remote.RemoteWebDriver.findElement(RemoteWebDriver.java:323)
at org.openqa.selenium.remote.RemoteWebDriver.findElementByLinkText(RemoteWebDriver.java:380)
at org.openqa.selenium.By$ByLinkText.findElement(By.java:220)
at org.openqa.selenium.remote.RemoteWebDriver.findElement(RemoteWebDriver.java:315)
at com.cybertek.reviews.day06.Scrolling_Test.TestWithActionClass(Scrolling_Test.java:35)
at java.util.ArrayList.forEach(ArrayList.java:1259)
... Removed 41 stack frames]]>
    </failure>
  </testcase> <!-- TestWithActionClass -->
  <testcase name="scrollTestWithJSE" time="4.051" classname="com.cybertek.reviews.day06.Scrolling_Test"/>
  <testcase name="test1" time="0.0" classname="com.cybertek.tests.day7_testng.TestNGAssertionsDemo">
    <failure type="java.lang.AssertionError" message="expected [tiTle] but found [title]">
      <![CDATA[java.lang.AssertionError: expected [tiTle] but found [title]
at com.cybertek.tests.day7_testng.TestNGAssertionsDemo.test1(TestNGAssertionsDemo.java:20)
at java.util.ArrayList.forEach(ArrayList.java:1259)
... Removed 42 stack frames]]>
    </failure>
  </testcase> <!-- test1 -->
  <testcase name="test2" time="0.0" classname="com.cybertek.tests.day7_testng.TestNGAssertionsDemo">
    <failure type="java.lang.AssertionError" message="verify test2 expected [test22] but found [test2]">
      <![CDATA[java.lang.AssertionError: verify test2 expected [test22] but found [test2]
at com.cybertek.tests.day7_testng.TestNGAssertionsDemo.test2(TestNGAssertionsDemo.java:30)
at java.util.ArrayList.forEach(ArrayList.java:1259)
... Removed 41 stack frames]]>
    </failure>
  </testcase> <!-- test2 -->
  <testcase name="test3" time="0.001" classname="com.cybertek.tests.day7_testng.TestNGAssertionsDemo"/>
  <testcase name="test4" time="0.0" classname="com.cybertek.tests.day7_testng.TestNGAssertionsDemo">
    <failure type="java.lang.AssertionError" message="verify email contains @ expected [true] but found [false]">
      <![CDATA[java.lang.AssertionError: verify email contains @ expected [true] but found [false]
at com.cybertek.tests.day7_testng.TestNGAssertionsDemo.test4(TestNGAssertionsDemo.java:47)
at java.util.ArrayList.forEach(ArrayList.java:1259)
... Removed 40 stack frames]]>
    </failure>
  </testcase> <!-- test4 -->
  <testcase name="test5" time="0.0" classname="com.cybertek.tests.day7_testng.TestNGAssertionsDemo"/>
  <testcase name="test6" time="0.001" classname="com.cybertek.tests.day7_testng.TestNGAssertionsDemo"/>
  <testcase name="test1" time="5.195" classname="com.cybertek.tests.day7_types_of_elements.AttributeTest"/>
  <testcase name="test1" time="3.147" classname="com.cybertek.tests.day10_file_upload.FileUploadTest">
    <failure type="org.openqa.selenium.InvalidArgumentException" message="invalid argument: File not found : /Users/jamaldemir/Desktop/file.txt
  (Session info: chrome=107.0.5304.107)
Build info: version: &amp;apos;3.141.59&amp;apos;, revision: &amp;apos;e82be7d358&amp;apos;, time: &amp;apos;2018-11-14T08:17:03&amp;apos;
System info: host: &amp;apos;WINDOWS-0EER12A&amp;apos;, ip: &amp;apos;192.168.119.130&amp;apos;, os.name: &amp;apos;Windows 10&amp;apos;, os.arch: &amp;apos;amd64&amp;apos;, os.version: &amp;apos;10.0&amp;apos;, java.version: &amp;apos;1.8.0_321&amp;apos;
Driver info: org.openqa.selenium.chrome.ChromeDriver
Capabilities {acceptInsecureCerts: false, browserName: chrome, browserVersion: 107.0.5304.107, chrome: {chromedriverVersion: 107.0.5304.62 (1eec40d3a576..., userDataDir: C:\Users\User\AppData\Local...}, goog:chromeOptions: {debuggerAddress: localhost:52321}, javascriptEnabled: true, networkConnectionEnabled: false, pageLoadStrategy: normal, platform: WINDOWS, platformName: WINDOWS, proxy: Proxy(), setWindowRect: true, strictFileInteractability: false, timeouts: {implicit: 0, pageLoad: 300000, script: 30000}, unhandledPromptBehavior: dismiss and notify, webauthn:extension:credBlob: true, webauthn:extension:largeBlob: true, webauthn:virtualAuthenticators: true}
Session ID: fec9d2a81c022e145b4c80a2332e4915">
      <![CDATA[org.openqa.selenium.InvalidArgumentException: invalid argument: File not found : /Users/jamaldemir/Desktop/file.txt
  (Session info: chrome=107.0.5304.107)
Build info: version: '3.141.59', revision: 'e82be7d358', time: '2018-11-14T08:17:03'
System info: host: 'WINDOWS-0EER12A', ip: '192.168.119.130', os.name: 'Windows 10', os.arch: 'amd64', os.version: '10.0', java.version: '1.8.0_321'
Driver info: org.openqa.selenium.chrome.ChromeDriver
Capabilities {acceptInsecureCerts: false, browserName: chrome, browserVersion: 107.0.5304.107, chrome: {chromedriverVersion: 107.0.5304.62 (1eec40d3a576..., userDataDir: C:\Users\User\AppData\Local...}, goog:chromeOptions: {debuggerAddress: localhost:52321}, javascriptEnabled: true, networkConnectionEnabled: false, pageLoadStrategy: normal, platform: WINDOWS, platformName: WINDOWS, proxy: Proxy(), setWindowRect: true, strictFileInteractability: false, timeouts: {implicit: 0, pageLoad: 300000, script: 30000}, unhandledPromptBehavior: dismiss and notify, webauthn:extension:credBlob: true, webauthn:extension:largeBlob: true, webauthn:virtualAuthenticators: true}
Session ID: fec9d2a81c022e145b4c80a2332e4915
at org.openqa.selenium.remote.http.W3CHttpResponseCodec.createException(W3CHttpResponseCodec.java:187)
at org.openqa.selenium.remote.http.W3CHttpResponseCodec.decode(W3CHttpResponseCodec.java:122)
at org.openqa.selenium.remote.http.W3CHttpResponseCodec.decode(W3CHttpResponseCodec.java:49)
at org.openqa.selenium.remote.HttpCommandExecutor.execute(HttpCommandExecutor.java:158)
at org.openqa.selenium.remote.service.DriverCommandExecutor.execute(DriverCommandExecutor.java:83)
at org.openqa.selenium.remote.RemoteWebDriver.execute(RemoteWebDriver.java:552)
at org.openqa.selenium.remote.RemoteWebElement.execute(RemoteWebElement.java:285)
at org.openqa.selenium.remote.RemoteWebElement.sendKeys(RemoteWebElement.java:106)
at com.cybertek.tests.day10_file_upload.FileUploadTest.test1(FileUploadTest.java:34)
at java.util.ArrayList.forEach(ArrayList.java:1259)
... Removed 41 stack frames]]>
    </failure>
  </testcase> <!-- test1 -->
  <testcase name="test2" time="3.492" classname="com.cybertek.tests.day10_file_upload.FileUploadTest"/>
  <testcase name="test1" time="1.421" classname="com.cybertek.tests.day12_properties_driver_tests.AnotherLoginTest"/>
  <testcase name="test1" time="7.456" classname="com.cybertek.tests.day7_types_of_elements.RadioButtonTest"/>
  <testcase name="OpenBrowserWithConf" time="0.992" classname="com.cybertek.tests.day12_properties_driver_tests.LoginTest"/>
  <testcase name="test1" time="3.486" classname="com.cybertek.tests.day8_types_of_elements_2.SelectDropdownTest"/>
  <testcase name="test2" time="10.551" classname="com.cybertek.tests.day8_types_of_elements_2.SelectDropdownTest"/>
  <testcase name="OpenBrowserWithConf" time="0.0" classname="com.cybertek.tests.day12_properties_driver_tests.PropertiesTest">
    <failure type="java.lang.NullPointerException">
      <![CDATA[java.lang.NullPointerException
at com.cybertek.tests.day12_properties_driver_tests.PropertiesTest.OpenBrowserWithConf(PropertiesTest.java:32)
at java.util.ArrayList.forEach(ArrayList.java:1259)
... Removed 37 stack frames]]>
    </failure>
  </testcase> <!-- OpenBrowserWithConf -->
  <testcase name="test1" time="0.0" classname="com.cybertek.tests.day12_properties_driver_tests.PropertiesTest"/>
  <testcase name="test1" time="8.689" classname="com.cybertek.tests.day9_popups_tabs_frames.iframeTest"/>
  <testcase name="test2" time="1.97" classname="com.cybertek.tests.day9_popups_tabs_frames.iframeTest"/>
  <testcase name="test2" time="4.064" classname="com.cybertek.tests.day12_properties_driver_tests.SingletonTest"/>
  <testcase name="test3" time="2.072" classname="com.cybertek.tests.day12_properties_driver_tests.SingletonTest"/>
  <testcase name="wrongPasswordTest" time="0.0" classname="com.cybertek.tests.day13_pom.NegativeLoginTest">
    <failure type="org.openqa.selenium.NoSuchSessionException" message="Session ID is null. Using WebDriver after calling quit()?
Build info: version: &amp;apos;3.141.59&amp;apos;, revision: &amp;apos;e82be7d358&amp;apos;, time: &amp;apos;2018-11-14T08:17:03&amp;apos;
System info: host: &amp;apos;WINDOWS-0EER12A&amp;apos;, ip: &amp;apos;192.168.119.130&amp;apos;, os.name: &amp;apos;Windows 10&amp;apos;, os.arch: &amp;apos;amd64&amp;apos;, os.version: &amp;apos;10.0&amp;apos;, java.version: &amp;apos;1.8.0_321&amp;apos;
Driver info: driver.version: RemoteWebDriver">
      <![CDATA[org.openqa.selenium.NoSuchSessionException: Session ID is null. Using WebDriver after calling quit()?
Build info: version: '3.141.59', revision: 'e82be7d358', time: '2018-11-14T08:17:03'
System info: host: 'WINDOWS-0EER12A', ip: '192.168.119.130', os.name: 'Windows 10', os.arch: 'amd64', os.version: '10.0', java.version: '1.8.0_321'
Driver info: driver.version: RemoteWebDriver
at org.openqa.selenium.remote.HttpCommandExecutor.execute(HttpCommandExecutor.java:125)
at org.openqa.selenium.remote.service.DriverCommandExecutor.execute(DriverCommandExecutor.java:83)
at org.openqa.selenium.remote.RemoteWebDriver.execute(RemoteWebDriver.java:552)
at org.openqa.selenium.remote.RemoteWebDriver.findElements(RemoteWebDriver.java:353)
at org.openqa.selenium.remote.RemoteWebDriver.findElementsById(RemoteWebDriver.java:376)
at org.openqa.selenium.By$ById.findElements(By.java:180)
at org.openqa.selenium.remote.RemoteWebDriver.findElements(RemoteWebDriver.java:311)
at org.openqa.selenium.support.pagefactory.ByAll.findElement(ByAll.java:53)
at org.openqa.selenium.remote.RemoteWebDriver.findElement(RemoteWebDriver.java:315)
at org.openqa.selenium.support.pagefactory.DefaultElementLocator.findElement(DefaultElementLocator.java:69)
at org.openqa.selenium.support.pagefactory.internal.LocatingElementHandler.invoke(LocatingElementHandler.java:38)
at com.sun.proxy.$Proxy12.sendKeys(Unknown Source)
at com.cybertek.tests.day13_pom.NegativeLoginTest.wrongPasswordTest(NegativeLoginTest.java:15)
at java.util.ArrayList.forEach(ArrayList.java:1259)
... Removed 37 stack frames]]>
    </failure>
  </testcase> <!-- wrongPasswordTest -->
  <testcase name="wrongUsernameTest" time="0.0" classname="com.cybertek.tests.day13_pom.NegativeLoginTest">
    <skipped/>
  </testcase> <!-- wrongUsernameTest -->
  <testcase name="test1" time="16.382" classname="com.cybertek.tests.day13_pom.PageSubtitleTest"/>
  <testcase name="loginAsDriver" time="1.509" classname="com.cybertek.tests.day13_pom.PositiveLoginTest"/>
  <testcase name="loginAsStoreManager" time="1.808" classname="com.cybertek.tests.day13_pom.PositiveLoginTest"/>
  <testcase name="loginAsStoreManager2" time="1.617" classname="com.cybertek.tests.day13_pom.PositiveLoginTest"/>
  <testcase name="test1" time="0.015" classname="com.cybertek.tests.day14_extent_reports.ExtentDemoTest"/>
  <testcase name="contactDetailsTest" time="14.78" classname="com.cybertek.tests.day15_review.verifyContactInfoTest"/>
  <testcase name="test1" time="3.757" classname="com.cybertek.tests.day16_ddf.DDFLoginTest"/>
  <testcase name="test1" time="6.266" classname="com.cybertek.tests.day16_ddf.DDFLoginTest">
    <failure type="java.lang.AssertionError" message="verify fullname expected [Mabel Ziemann] but found [John Doe]">
      <![CDATA[java.lang.AssertionError: verify fullname expected [Mabel Ziemann] but found [John Doe]
at com.cybertek.tests.day16_ddf.DDFLoginTest.test1(DDFLoginTest.java:36)
at java.util.ArrayList.forEach(ArrayList.java:1259)
... Removed 41 stack frames]]>
    </failure>
  </testcase> <!-- test1 -->
  <testcase name="test1" time="3.698" classname="com.cybertek.tests.day16_ddf.DDFLoginTest">
    <failure type="java.lang.AssertionError" message="verify fullname expected [Gretchen Stamm] but found [John Doe]">
      <![CDATA[java.lang.AssertionError: verify fullname expected [Gretchen Stamm] but found [John Doe]
at com.cybertek.tests.day16_ddf.DDFLoginTest.test1(DDFLoginTest.java:36)
at java.util.ArrayList.forEach(ArrayList.java:1259)
... Removed 41 stack frames]]>
    </failure>
  </testcase> <!-- test1 -->
  <testcase name="test1" time="4.392" classname="com.cybertek.tests.day16_ddf.DDFLoginTest">
    <failure type="java.lang.AssertionError" message="verify fullname expected [Kyleigh Reichert] but found [John Doe]">
      <![CDATA[java.lang.AssertionError: verify fullname expected [Kyleigh Reichert] but found [John Doe]
at com.cybertek.tests.day16_ddf.DDFLoginTest.test1(DDFLoginTest.java:36)
at java.util.ArrayList.forEach(ArrayList.java:1259)
... Removed 41 stack frames]]>
    </failure>
  </testcase> <!-- test1 -->
  <testcase name="test1" time="3.791" classname="com.cybertek.tests.day16_ddf.DDFLoginTest">
    <failure type="java.lang.AssertionError" message="verify fullname expected [Nona Carroll] but found [John Doe]">
      <![CDATA[java.lang.AssertionError: verify fullname expected [Nona Carroll] but found [John Doe]
at com.cybertek.tests.day16_ddf.DDFLoginTest.test1(DDFLoginTest.java:36)
at java.util.ArrayList.forEach(ArrayList.java:1259)
... Removed 41 stack frames]]>
    </failure>
  </testcase> <!-- test1 -->
  <testcase name="test1" time="4.224" classname="com.cybertek.tests.day16_ddf.DDFLoginTest">
    <failure type="java.lang.AssertionError" message="verify fullname expected [Raphael Gusikowski] but found [John Doe]">
      <![CDATA[java.lang.AssertionError: verify fullname expected [Raphael Gusikowski] but found [John Doe]
at com.cybertek.tests.day16_ddf.DDFLoginTest.test1(DDFLoginTest.java:36)
at java.util.ArrayList.forEach(ArrayList.java:1259)
... Removed 41 stack frames]]>
    </failure>
  </testcase> <!-- test1 -->
  <testcase name="test1" time="3.831" classname="com.cybertek.tests.day16_ddf.DDFLoginTest">
    <failure type="java.lang.AssertionError" message="verify fullname expected [Dominique Deckow] but found [John Doe]">
      <![CDATA[java.lang.AssertionError: verify fullname expected [Dominique Deckow] but found [John Doe]
at com.cybertek.tests.day16_ddf.DDFLoginTest.test1(DDFLoginTest.java:36)
at java.util.ArrayList.forEach(ArrayList.java:1259)
... Removed 41 stack frames]]>
    </failure>
  </testcase> <!-- test1 -->
  <testcase name="test1" time="3.887" classname="com.cybertek.tests.day16_ddf.DDFLoginTest">
    <failure type="java.lang.AssertionError" message="verify fullname expected [Valentine Bode] but found [John Doe]">
      <![CDATA[java.lang.AssertionError: verify fullname expected [Valentine Bode] but found [John Doe]
at com.cybertek.tests.day16_ddf.DDFLoginTest.test1(DDFLoginTest.java:36)
at java.util.ArrayList.forEach(ArrayList.java:1259)
... Removed 41 stack frames]]>
    </failure>
  </testcase> <!-- test1 -->
  <testcase name="test1" time="3.73" classname="com.cybertek.tests.day16_ddf.DDFLoginTest">
    <failure type="java.lang.AssertionError" message="verify fullname expected [Deborah Wolf] but found [John Doe]">
      <![CDATA[java.lang.AssertionError: verify fullname expected [Deborah Wolf] but found [John Doe]
at com.cybertek.tests.day16_ddf.DDFLoginTest.test1(DDFLoginTest.java:36)
at java.util.ArrayList.forEach(ArrayList.java:1259)
... Removed 41 stack frames]]>
    </failure>
  </testcase> <!-- test1 -->
  <testcase name="test1" time="3.505" classname="com.cybertek.tests.day16_ddf.DDFLoginTest">
    <failure type="java.lang.AssertionError" message="verify fullname expected [Toney Hegmann] but found [John Doe]">
      <![CDATA[java.lang.AssertionError: verify fullname expected [Toney Hegmann] but found [John Doe]
at com.cybertek.tests.day16_ddf.DDFLoginTest.test1(DDFLoginTest.java:36)
at java.util.ArrayList.forEach(ArrayList.java:1259)
... Removed 41 stack frames]]>
    </failure>
  </testcase> <!-- test1 -->
  <testcase name="test1" time="3.724" classname="com.cybertek.tests.day16_ddf.DDFLoginTest">
    <failure type="java.lang.AssertionError" message="verify fullname expected [Jace Kassulke] but found [John Doe]">
      <![CDATA[java.lang.AssertionError: verify fullname expected [Jace Kassulke] but found [John Doe]
at com.cybertek.tests.day16_ddf.DDFLoginTest.test1(DDFLoginTest.java:36)
at java.util.ArrayList.forEach(ArrayList.java:1259)
... Removed 41 stack frames]]>
    </failure>
  </testcase> <!-- test1 -->
  <testcase name="test1" time="4.315" classname="com.cybertek.tests.day16_ddf.DDFLoginTest">
    <failure type="java.lang.AssertionError" message="verify fullname expected [Donavon Waelchi] but found [John Doe]">
      <![CDATA[java.lang.AssertionError: verify fullname expected [Donavon Waelchi] but found [John Doe]
at com.cybertek.tests.day16_ddf.DDFLoginTest.test1(DDFLoginTest.java:36)
at java.util.ArrayList.forEach(ArrayList.java:1259)
... Removed 41 stack frames]]>
    </failure>
  </testcase> <!-- test1 -->
  <testcase name="test1" time="3.802" classname="com.cybertek.tests.day16_ddf.DDFLoginTest">
    <failure type="java.lang.AssertionError" message="verify fullname expected [Noe Waelchi] but found [John Doe]">
      <![CDATA[java.lang.AssertionError: verify fullname expected [Noe Waelchi] but found [John Doe]
at com.cybertek.tests.day16_ddf.DDFLoginTest.test1(DDFLoginTest.java:36)
at java.util.ArrayList.forEach(ArrayList.java:1259)
... Removed 41 stack frames]]>
    </failure>
  </testcase> <!-- test1 -->
  <testcase name="test1" time="4.535" classname="com.cybertek.tests.day16_ddf.DDFLoginTest">
    <failure type="java.lang.AssertionError" message="verify fullname expected [Pete Zemlak] but found [John Doe]">
      <![CDATA[java.lang.AssertionError: verify fullname expected [Pete Zemlak] but found [John Doe]
at com.cybertek.tests.day16_ddf.DDFLoginTest.test1(DDFLoginTest.java:36)
at java.util.ArrayList.forEach(ArrayList.java:1259)
... Removed 41 stack frames]]>
    </failure>
  </testcase> <!-- test1 -->
  <testcase name="test1" time="4.265" classname="com.cybertek.tests.day16_ddf.DDFLoginTest">
    <failure type="java.lang.AssertionError" message="verify fullname expected [Amani Satterfield] but found [John Doe]">
      <![CDATA[java.lang.AssertionError: verify fullname expected [Amani Satterfield] but found [John Doe]
at com.cybertek.tests.day16_ddf.DDFLoginTest.test1(DDFLoginTest.java:36)
at java.util.ArrayList.forEach(ArrayList.java:1259)
... Removed 41 stack frames]]>
    </failure>
  </testcase> <!-- test1 -->
  <testcase name="test1" time="4.102" classname="com.cybertek.tests.day16_ddf.DDFLoginTest">
    <failure type="java.lang.AssertionError" message="verify fullname expected [Nathen Boehm] but found [John Doe]">
      <![CDATA[java.lang.AssertionError: verify fullname expected [Nathen Boehm] but found [John Doe]
at com.cybertek.tests.day16_ddf.DDFLoginTest.test1(DDFLoginTest.java:36)
at java.util.ArrayList.forEach(ArrayList.java:1259)
... Removed 41 stack frames]]>
    </failure>
  </testcase> <!-- test1 -->
  <testcase name="test1" time="3.879" classname="com.cybertek.tests.day16_ddf.DDFLoginTest">
    <failure type="java.lang.AssertionError" message="verify fullname expected [Josiane Hills] but found [John Doe]">
      <![CDATA[java.lang.AssertionError: verify fullname expected [Josiane Hills] but found [John Doe]
at com.cybertek.tests.day16_ddf.DDFLoginTest.test1(DDFLoginTest.java:36)
at java.util.ArrayList.forEach(ArrayList.java:1259)
... Removed 40 stack frames]]>
    </failure>
  </testcase> <!-- test1 -->
  <testcase name="test1" time="5.255" classname="com.cybertek.tests.day16_ddf.DDFLoginTest">
    <failure type="java.lang.AssertionError" message="verify fullname expected [Dominique Boyle] but found [John Doe]">
      <![CDATA[java.lang.AssertionError: verify fullname expected [Dominique Boyle] but found [John Doe]
at com.cybertek.tests.day16_ddf.DDFLoginTest.test1(DDFLoginTest.java:36)
at java.util.ArrayList.forEach(ArrayList.java:1259)
... Removed 40 stack frames]]>
    </failure>
  </testcase> <!-- test1 -->
  <testcase name="test1" time="7.515" classname="com.cybertek.tests.day16_ddf.DDFLoginTest">
    <failure type="java.lang.AssertionError" message="verify fullname expected [Thalia Gutkowski] but found [John Doe]">
      <![CDATA[java.lang.AssertionError: verify fullname expected [Thalia Gutkowski] but found [John Doe]
at com.cybertek.tests.day16_ddf.DDFLoginTest.test1(DDFLoginTest.java:36)
at java.util.ArrayList.forEach(ArrayList.java:1259)
... Removed 40 stack frames]]>
    </failure>
  </testcase> <!-- test1 -->
  <testcase name="test1" time="9.274" classname="com.cybertek.tests.day16_ddf.DDFLoginTest">
    <failure type="java.lang.AssertionError" message="verify fullname expected [Donna Kuhn] but found [John Doe]">
      <![CDATA[java.lang.AssertionError: verify fullname expected [Donna Kuhn] but found [John Doe]
at com.cybertek.tests.day16_ddf.DDFLoginTest.test1(DDFLoginTest.java:36)
at java.util.ArrayList.forEach(ArrayList.java:1259)
... Removed 40 stack frames]]>
    </failure>
  </testcase> <!-- test1 -->
  <testcase name="test1" time="10.262" classname="com.cybertek.tests.day16_ddf.DDFLoginTest">
    <failure type="java.lang.AssertionError" message="verify fullname expected [Izaiah Abernathy] but found [John Doe]">
      <![CDATA[java.lang.AssertionError: verify fullname expected [Izaiah Abernathy] but found [John Doe]
at com.cybertek.tests.day16_ddf.DDFLoginTest.test1(DDFLoginTest.java:36)
at java.util.ArrayList.forEach(ArrayList.java:1259)
... Removed 40 stack frames]]>
    </failure>
  </testcase> <!-- test1 -->
  <testcase name="test1" time="5.907" classname="com.cybertek.tests.day16_ddf.DDFLoginTest">
    <failure type="java.lang.AssertionError" message="verify fullname expected [Kendra Abshire] but found [John Doe]">
      <![CDATA[java.lang.AssertionError: verify fullname expected [Kendra Abshire] but found [John Doe]
at com.cybertek.tests.day16_ddf.DDFLoginTest.test1(DDFLoginTest.java:36)
at java.util.ArrayList.forEach(ArrayList.java:1259)
... Removed 40 stack frames]]>
    </failure>
  </testcase> <!-- test1 -->
  <testcase name="test1" time="6.405" classname="com.cybertek.tests.day16_ddf.DDFLoginTest">
    <failure type="java.lang.AssertionError" message="verify fullname expected [Raven Dickens] but found [John Doe]">
      <![CDATA[java.lang.AssertionError: verify fullname expected [Raven Dickens] but found [John Doe]
at com.cybertek.tests.day16_ddf.DDFLoginTest.test1(DDFLoginTest.java:36)
at java.util.ArrayList.forEach(ArrayList.java:1259)
... Removed 40 stack frames]]>
    </failure>
  </testcase> <!-- test1 -->
  <testcase name="test1" time="5.11" classname="com.cybertek.tests.day16_ddf.DDFLoginTest">
    <failure type="java.lang.AssertionError" message="verify fullname expected [Tommie Kling] but found [John Doe]">
      <![CDATA[java.lang.AssertionError: verify fullname expected [Tommie Kling] but found [John Doe]
at com.cybertek.tests.day16_ddf.DDFLoginTest.test1(DDFLoginTest.java:36)
at java.util.ArrayList.forEach(ArrayList.java:1259)
... Removed 40 stack frames]]>
    </failure>
  </testcase> <!-- test1 -->
  <testcase name="test1" time="4.702" classname="com.cybertek.tests.day16_ddf.DDFLoginTest">
    <failure type="java.lang.AssertionError" message="verify fullname expected [Mayra Cormier] but found [John Doe]">
      <![CDATA[java.lang.AssertionError: verify fullname expected [Mayra Cormier] but found [John Doe]
at com.cybertek.tests.day16_ddf.DDFLoginTest.test1(DDFLoginTest.java:36)
at java.util.ArrayList.forEach(ArrayList.java:1259)
... Removed 40 stack frames]]>
    </failure>
  </testcase> <!-- test1 -->
  <testcase name="test1" time="5.28" classname="com.cybertek.tests.day16_ddf.DDFLoginTest">
    <failure type="java.lang.AssertionError" message="verify fullname expected [Patience Gutkowski] but found [John Doe]">
      <![CDATA[java.lang.AssertionError: verify fullname expected [Patience Gutkowski] but found [John Doe]
at com.cybertek.tests.day16_ddf.DDFLoginTest.test1(DDFLoginTest.java:36)
at java.util.ArrayList.forEach(ArrayList.java:1259)
... Removed 40 stack frames]]>
    </failure>
  </testcase> <!-- test1 -->
  <testcase name="test1" time="5.096" classname="com.cybertek.tests.day16_ddf.DDFLoginTest">
    <failure type="java.lang.AssertionError" message="verify fullname expected [Everardo Bechtelar] but found [John Doe]">
      <![CDATA[java.lang.AssertionError: verify fullname expected [Everardo Bechtelar] but found [John Doe]
at com.cybertek.tests.day16_ddf.DDFLoginTest.test1(DDFLoginTest.java:36)
at java.util.ArrayList.forEach(ArrayList.java:1259)
... Removed 40 stack frames]]>
    </failure>
  </testcase> <!-- test1 -->
  <testcase name="test1" time="5.003" classname="com.cybertek.tests.day16_ddf.DDFLoginTest">
    <failure type="java.lang.AssertionError" message="verify fullname expected [Donna Hackett] but found [John Doe]">
      <![CDATA[java.lang.AssertionError: verify fullname expected [Donna Hackett] but found [John Doe]
at com.cybertek.tests.day16_ddf.DDFLoginTest.test1(DDFLoginTest.java:36)
at java.util.ArrayList.forEach(ArrayList.java:1259)
... Removed 40 stack frames]]>
    </failure>
  </testcase> <!-- test1 -->
  <testcase name="test1" time="5.08" classname="com.cybertek.tests.day16_ddf.DDFLoginTest">
    <failure type="java.lang.AssertionError" message="verify fullname expected [Ubaldo Hills] but found [John Doe]">
      <![CDATA[java.lang.AssertionError: verify fullname expected [Ubaldo Hills] but found [John Doe]
at com.cybertek.tests.day16_ddf.DDFLoginTest.test1(DDFLoginTest.java:36)
at java.util.ArrayList.forEach(ArrayList.java:1259)
... Removed 40 stack frames]]>
    </failure>
  </testcase> <!-- test1 -->
  <testcase name="test1" time="5.188" classname="com.cybertek.tests.day16_ddf.DDFLoginTest">
    <failure type="java.lang.AssertionError" message="verify fullname expected [Werner Schaden] but found [John Doe]">
      <![CDATA[java.lang.AssertionError: verify fullname expected [Werner Schaden] but found [John Doe]
at com.cybertek.tests.day16_ddf.DDFLoginTest.test1(DDFLoginTest.java:36)
at java.util.ArrayList.forEach(ArrayList.java:1259)
... Removed 40 stack frames]]>
    </failure>
  </testcase> <!-- test1 -->
  <testcase name="test1" time="5.715" classname="com.cybertek.tests.day16_ddf.DDFLoginTest">
    <failure type="java.lang.AssertionError" message="verify fullname expected [Demetris Kuphal] but found [John Doe]">
      <![CDATA[java.lang.AssertionError: verify fullname expected [Demetris Kuphal] but found [John Doe]
at com.cybertek.tests.day16_ddf.DDFLoginTest.test1(DDFLoginTest.java:36)
at java.util.ArrayList.forEach(ArrayList.java:1259)
... Removed 40 stack frames]]>
    </failure>
  </testcase> <!-- test1 -->
  <testcase name="test1" time="5.282" classname="com.cybertek.tests.day16_ddf.DDFLoginTest">
    <failure type="java.lang.AssertionError" message="verify fullname expected [Abigail Wolff] but found [John Doe]">
      <![CDATA[java.lang.AssertionError: verify fullname expected [Abigail Wolff] but found [John Doe]
at com.cybertek.tests.day16_ddf.DDFLoginTest.test1(DDFLoginTest.java:36)
at java.util.ArrayList.forEach(ArrayList.java:1259)
... Removed 40 stack frames]]>
    </failure>
  </testcase> <!-- test1 -->
  <testcase name="test1" time="5.109" classname="com.cybertek.tests.day16_ddf.DDFLoginTest">
    <failure type="java.lang.AssertionError" message="verify fullname expected [Carmelo Herzog] but found [John Doe]">
      <![CDATA[java.lang.AssertionError: verify fullname expected [Carmelo Herzog] but found [John Doe]
at com.cybertek.tests.day16_ddf.DDFLoginTest.test1(DDFLoginTest.java:36)
at java.util.ArrayList.forEach(ArrayList.java:1259)
... Removed 40 stack frames]]>
    </failure>
  </testcase> <!-- test1 -->
  <testcase name="test1" time="5.888" classname="com.cybertek.tests.day16_ddf.DDFLoginTest">
    <failure type="java.lang.AssertionError" message="verify fullname expected [Dana Ankunding] but found [John Doe]">
      <![CDATA[java.lang.AssertionError: verify fullname expected [Dana Ankunding] but found [John Doe]
at com.cybertek.tests.day16_ddf.DDFLoginTest.test1(DDFLoginTest.java:36)
at java.util.ArrayList.forEach(ArrayList.java:1259)
... Removed 40 stack frames]]>
    </failure>
  </testcase> <!-- test1 -->
  <testcase name="test1" time="6.473" classname="com.cybertek.tests.day16_ddf.DDFLoginTest">
    <failure type="java.lang.AssertionError" message="verify fullname expected [Albertha Harris] but found [John Doe]">
      <![CDATA[java.lang.AssertionError: verify fullname expected [Albertha Harris] but found [John Doe]
at com.cybertek.tests.day16_ddf.DDFLoginTest.test1(DDFLoginTest.java:36)
at java.util.ArrayList.forEach(ArrayList.java:1259)
... Removed 40 stack frames]]>
    </failure>
  </testcase> <!-- test1 -->
  <testcase name="test1" time="4.002" classname="com.cybertek.tests.day16_ddf.DDFLoginTest">
    <failure type="java.lang.AssertionError" message="verify fullname expected [Tyree Heathcote] but found [John Doe]">
      <![CDATA[java.lang.AssertionError: verify fullname expected [Tyree Heathcote] but found [John Doe]
at com.cybertek.tests.day16_ddf.DDFLoginTest.test1(DDFLoginTest.java:36)
at java.util.ArrayList.forEach(ArrayList.java:1259)
... Removed 40 stack frames]]>
    </failure>
  </testcase> <!-- test1 -->
  <testcase name="test1" time="3.953" classname="com.cybertek.tests.day16_ddf.DDFLoginTest">
    <failure type="java.lang.AssertionError" message="verify fullname expected [Darby Hessel] but found [John Doe]">
      <![CDATA[java.lang.AssertionError: verify fullname expected [Darby Hessel] but found [John Doe]
at com.cybertek.tests.day16_ddf.DDFLoginTest.test1(DDFLoginTest.java:36)
at java.util.ArrayList.forEach(ArrayList.java:1259)
... Removed 40 stack frames]]>
    </failure>
  </testcase> <!-- test1 -->
  <testcase name="test1" time="4.232" classname="com.cybertek.tests.day16_ddf.DDFLoginTest">
    <failure type="java.lang.AssertionError" message="verify fullname expected [Ofelia Smitham] but found [John Doe]">
      <![CDATA[java.lang.AssertionError: verify fullname expected [Ofelia Smitham] but found [John Doe]
at com.cybertek.tests.day16_ddf.DDFLoginTest.test1(DDFLoginTest.java:36)
at java.util.ArrayList.forEach(ArrayList.java:1259)
... Removed 40 stack frames]]>
    </failure>
  </testcase> <!-- test1 -->
  <testcase name="test1" time="4.798" classname="com.cybertek.tests.day16_ddf.DDFLoginTest">
    <failure type="java.lang.AssertionError" message="verify fullname expected [Dewayne Tromp] but found [John Doe]">
      <![CDATA[java.lang.AssertionError: verify fullname expected [Dewayne Tromp] but found [John Doe]
at com.cybertek.tests.day16_ddf.DDFLoginTest.test1(DDFLoginTest.java:36)
at java.util.ArrayList.forEach(ArrayList.java:1259)
... Removed 40 stack frames]]>
    </failure>
  </testcase> <!-- test1 -->
  <testcase name="test1" time="4.07" classname="com.cybertek.tests.day16_ddf.DDFLoginTest">
    <failure type="java.lang.AssertionError" message="verify fullname expected [Trudie Hansen] but found [John Doe]">
      <![CDATA[java.lang.AssertionError: verify fullname expected [Trudie Hansen] but found [John Doe]
at com.cybertek.tests.day16_ddf.DDFLoginTest.test1(DDFLoginTest.java:36)
at java.util.ArrayList.forEach(ArrayList.java:1259)
... Removed 40 stack frames]]>
    </failure>
  </testcase> <!-- test1 -->
  <testcase name="test1" time="4.022" classname="com.cybertek.tests.day16_ddf.DDFLoginTest">
    <failure type="java.lang.AssertionError" message="verify fullname expected [Eden Reichel] but found [John Doe]">
      <![CDATA[java.lang.AssertionError: verify fullname expected [Eden Reichel] but found [John Doe]
at com.cybertek.tests.day16_ddf.DDFLoginTest.test1(DDFLoginTest.java:36)
at java.util.ArrayList.forEach(ArrayList.java:1259)
... Removed 40 stack frames]]>
    </failure>
  </testcase> <!-- test1 -->
  <testcase name="test1" time="4.034" classname="com.cybertek.tests.day16_ddf.DDFLoginTest">
    <failure type="java.lang.AssertionError" message="verify fullname expected [Darrick Corkery] but found [John Doe]">
      <![CDATA[java.lang.AssertionError: verify fullname expected [Darrick Corkery] but found [John Doe]
at com.cybertek.tests.day16_ddf.DDFLoginTest.test1(DDFLoginTest.java:36)
at java.util.ArrayList.forEach(ArrayList.java:1259)
... Removed 40 stack frames]]>
    </failure>
  </testcase> <!-- test1 -->
  <testcase name="test1" time="3.842" classname="com.cybertek.tests.day16_ddf.DDFLoginTest">
    <failure type="java.lang.AssertionError" message="verify fullname expected [Abdullah McLaughlin] but found [John Doe]">
      <![CDATA[java.lang.AssertionError: verify fullname expected [Abdullah McLaughlin] but found [John Doe]
at com.cybertek.tests.day16_ddf.DDFLoginTest.test1(DDFLoginTest.java:36)
at java.util.ArrayList.forEach(ArrayList.java:1259)
... Removed 40 stack frames]]>
    </failure>
  </testcase> <!-- test1 -->
  <testcase name="test1" time="3.417" classname="com.cybertek.tests.day16_ddf.DDFLoginTest">
    <failure type="java.lang.AssertionError" message="verify fullname expected [Sherman Johnson] but found [John Doe]">
      <![CDATA[java.lang.AssertionError: verify fullname expected [Sherman Johnson] but found [John Doe]
at com.cybertek.tests.day16_ddf.DDFLoginTest.test1(DDFLoginTest.java:36)
at java.util.ArrayList.forEach(ArrayList.java:1259)
... Removed 40 stack frames]]>
    </failure>
  </testcase> <!-- test1 -->
  <testcase name="test1" time="3.866" classname="com.cybertek.tests.day16_ddf.DDFLoginTest">
    <failure type="java.lang.AssertionError" message="verify fullname expected [Koby Schuster] but found [John Doe]">
      <![CDATA[java.lang.AssertionError: verify fullname expected [Koby Schuster] but found [John Doe]
at com.cybertek.tests.day16_ddf.DDFLoginTest.test1(DDFLoginTest.java:36)
at java.util.ArrayList.forEach(ArrayList.java:1259)
... Removed 40 stack frames]]>
    </failure>
  </testcase> <!-- test1 -->
  <testcase name="test1" time="3.676" classname="com.cybertek.tests.day16_ddf.DDFLoginTest">
    <failure type="java.lang.AssertionError" message="verify fullname expected [Jaylin Fritsch] but found [John Doe]">
      <![CDATA[java.lang.AssertionError: verify fullname expected [Jaylin Fritsch] but found [John Doe]
at com.cybertek.tests.day16_ddf.DDFLoginTest.test1(DDFLoginTest.java:36)
at java.util.ArrayList.forEach(ArrayList.java:1259)
... Removed 40 stack frames]]>
    </failure>
  </testcase> <!-- test1 -->
  <testcase name="test1" time="3.595" classname="com.cybertek.tests.day16_ddf.DDFLoginTest">
    <failure type="java.lang.AssertionError" message="verify fullname expected [Elenora Hills] but found [John Doe]">
      <![CDATA[java.lang.AssertionError: verify fullname expected [Elenora Hills] but found [John Doe]
at com.cybertek.tests.day16_ddf.DDFLoginTest.test1(DDFLoginTest.java:36)
at java.util.ArrayList.forEach(ArrayList.java:1259)
... Removed 40 stack frames]]>
    </failure>
  </testcase> <!-- test1 -->
  <testcase name="test1" time="3.59" classname="com.cybertek.tests.day16_ddf.DDFLoginTest">
    <failure type="java.lang.AssertionError" message="verify fullname expected [Fabiola Will] but found [John Doe]">
      <![CDATA[java.lang.AssertionError: verify fullname expected [Fabiola Will] but found [John Doe]
at com.cybertek.tests.day16_ddf.DDFLoginTest.test1(DDFLoginTest.java:36)
at java.util.ArrayList.forEach(ArrayList.java:1259)
... Removed 40 stack frames]]>
    </failure>
  </testcase> <!-- test1 -->
  <testcase name="test1" time="3.779" classname="com.cybertek.tests.day16_ddf.DDFLoginTest">
    <failure type="java.lang.AssertionError" message="verify fullname expected [Aaron Upton] but found [John Doe]">
      <![CDATA[java.lang.AssertionError: verify fullname expected [Aaron Upton] but found [John Doe]
at com.cybertek.tests.day16_ddf.DDFLoginTest.test1(DDFLoginTest.java:36)
at java.util.ArrayList.forEach(ArrayList.java:1259)
... Removed 40 stack frames]]>
    </failure>
  </testcase> <!-- test1 -->
  <testcase name="test1" time="3.745" classname="com.cybertek.tests.day16_ddf.DDFLoginTest">
    <failure type="java.lang.AssertionError" message="verify fullname expected [Gerald Hoeger] but found [John Doe]">
      <![CDATA[java.lang.AssertionError: verify fullname expected [Gerald Hoeger] but found [John Doe]
at com.cybertek.tests.day16_ddf.DDFLoginTest.test1(DDFLoginTest.java:36)
at java.util.ArrayList.forEach(ArrayList.java:1259)
... Removed 40 stack frames]]>
    </failure>
  </testcase> <!-- test1 -->
  <testcase name="test1" time="3.688" classname="com.cybertek.tests.day16_ddf.DDFLoginTest"/>
  <testcase name="test1" time="3.712" classname="com.cybertek.tests.day16_ddf.DDFLoginTest">
    <failure type="java.lang.AssertionError" message="verify fullname expected [Mariane Runolfsson] but found [Alex Jones]">
      <![CDATA[java.lang.AssertionError: verify fullname expected [Mariane Runolfsson] but found [Alex Jones]
at com.cybertek.tests.day16_ddf.DDFLoginTest.test1(DDFLoginTest.java:36)
at java.util.ArrayList.forEach(ArrayList.java:1259)
... Removed 40 stack frames]]>
    </failure>
  </testcase> <!-- test1 -->
  <testcase name="test1" time="3.921" classname="com.cybertek.tests.day16_ddf.DDFLoginTest">
    <failure type="java.lang.AssertionError" message="verify fullname expected [Cooper Turner] but found [Alex Jones]">
      <![CDATA[java.lang.AssertionError: verify fullname expected [Cooper Turner] but found [Alex Jones]
at com.cybertek.tests.day16_ddf.DDFLoginTest.test1(DDFLoginTest.java:36)
at java.util.ArrayList.forEach(ArrayList.java:1259)
... Removed 40 stack frames]]>
    </failure>
  </testcase> <!-- test1 -->
  <testcase name="test1" time="3.989" classname="com.cybertek.tests.day16_ddf.DDFLoginTest">
    <failure type="java.lang.AssertionError" message="verify fullname expected [Libby Blanda] but found [Alex Jones]">
      <![CDATA[java.lang.AssertionError: verify fullname expected [Libby Blanda] but found [Alex Jones]
at com.cybertek.tests.day16_ddf.DDFLoginTest.test1(DDFLoginTest.java:36)
at java.util.ArrayList.forEach(ArrayList.java:1259)
... Removed 40 stack frames]]>
    </failure>
  </testcase> <!-- test1 -->
  <testcase name="test1" time="3.863" classname="com.cybertek.tests.day16_ddf.DDFLoginTest">
    <failure type="java.lang.AssertionError" message="verify fullname expected [Vickie Rohan] but found [Alex Jones]">
      <![CDATA[java.lang.AssertionError: verify fullname expected [Vickie Rohan] but found [Alex Jones]
at com.cybertek.tests.day16_ddf.DDFLoginTest.test1(DDFLoginTest.java:36)
at java.util.ArrayList.forEach(ArrayList.java:1259)
... Removed 40 stack frames]]>
    </failure>
  </testcase> <!-- test1 -->
  <testcase name="test1" time="3.846" classname="com.cybertek.tests.day16_ddf.DDFLoginTest">
    <failure type="java.lang.AssertionError" message="verify fullname expected [Reuben Krajcik] but found [Alex Jones]">
      <![CDATA[java.lang.AssertionError: verify fullname expected [Reuben Krajcik] but found [Alex Jones]
at com.cybertek.tests.day16_ddf.DDFLoginTest.test1(DDFLoginTest.java:36)
at java.util.ArrayList.forEach(ArrayList.java:1259)
... Removed 40 stack frames]]>
    </failure>
  </testcase> <!-- test1 -->
  <testcase name="test1" time="4.099" classname="com.cybertek.tests.day16_ddf.DDFLoginTest">
    <failure type="java.lang.AssertionError" message="verify fullname expected [Mariam Sauer] but found [Alex Jones]">
      <![CDATA[java.lang.AssertionError: verify fullname expected [Mariam Sauer] but found [Alex Jones]
at com.cybertek.tests.day16_ddf.DDFLoginTest.test1(DDFLoginTest.java:36)
at java.util.ArrayList.forEach(ArrayList.java:1259)
... Removed 40 stack frames]]>
    </failure>
  </testcase> <!-- test1 -->
  <testcase name="test1" time="3.816" classname="com.cybertek.tests.day16_ddf.DDFLoginTest">
    <failure type="java.lang.AssertionError" message="verify fullname expected [Otis Ryan] but found [Alex Jones]">
      <![CDATA[java.lang.AssertionError: verify fullname expected [Otis Ryan] but found [Alex Jones]
at com.cybertek.tests.day16_ddf.DDFLoginTest.test1(DDFLoginTest.java:36)
at java.util.ArrayList.forEach(ArrayList.java:1259)
... Removed 40 stack frames]]>
    </failure>
  </testcase> <!-- test1 -->
  <testcase name="test1" time="3.526" classname="com.cybertek.tests.day16_ddf.DDFLoginTest">
    <failure type="java.lang.AssertionError" message="verify fullname expected [Stephan Harvey] but found [Alex Jones]">
      <![CDATA[java.lang.AssertionError: verify fullname expected [Stephan Harvey] but found [Alex Jones]
at com.cybertek.tests.day16_ddf.DDFLoginTest.test1(DDFLoginTest.java:36)
at java.util.ArrayList.forEach(ArrayList.java:1259)
... Removed 40 stack frames]]>
    </failure>
  </testcase> <!-- test1 -->
  <testcase name="test1" time="3.845" classname="com.cybertek.tests.day16_ddf.DDFLoginTest">
    <failure type="java.lang.AssertionError" message="verify fullname expected [Erling Thompson] but found [Alex Jones]">
      <![CDATA[java.lang.AssertionError: verify fullname expected [Erling Thompson] but found [Alex Jones]
at com.cybertek.tests.day16_ddf.DDFLoginTest.test1(DDFLoginTest.java:36)
at java.util.ArrayList.forEach(ArrayList.java:1259)
... Removed 40 stack frames]]>
    </failure>
  </testcase> <!-- test1 -->
  <testcase name="test1" time="3.738" classname="com.cybertek.tests.day16_ddf.DDFLoginTest">
    <failure type="java.lang.AssertionError" message="verify fullname expected [Ronaldo Ritchie] but found [Alex Jones]">
      <![CDATA[java.lang.AssertionError: verify fullname expected [Ronaldo Ritchie] but found [Alex Jones]
at com.cybertek.tests.day16_ddf.DDFLoginTest.test1(DDFLoginTest.java:36)
at java.util.ArrayList.forEach(ArrayList.java:1259)
... Removed 40 stack frames]]>
    </failure>
  </testcase> <!-- test1 -->
  <testcase name="test1" time="3.82" classname="com.cybertek.tests.day16_ddf.DDFLoginTest">
    <failure type="java.lang.AssertionError" message="verify fullname expected [Jayme Haag] but found [Alex Jones]">
      <![CDATA[java.lang.AssertionError: verify fullname expected [Jayme Haag] but found [Alex Jones]
at com.cybertek.tests.day16_ddf.DDFLoginTest.test1(DDFLoginTest.java:36)
at java.util.ArrayList.forEach(ArrayList.java:1259)
... Removed 40 stack frames]]>
    </failure>
  </testcase> <!-- test1 -->
  <testcase name="test1" time="3.748" classname="com.cybertek.tests.day16_ddf.DDFLoginTest">
    <failure type="java.lang.AssertionError" message="verify fullname expected [Jolie Simonis] but found [Alex Jones]">
      <![CDATA[java.lang.AssertionError: verify fullname expected [Jolie Simonis] but found [Alex Jones]
at com.cybertek.tests.day16_ddf.DDFLoginTest.test1(DDFLoginTest.java:36)
at java.util.ArrayList.forEach(ArrayList.java:1259)
... Removed 40 stack frames]]>
    </failure>
  </testcase> <!-- test1 -->
  <testcase name="test1" time="3.81" classname="com.cybertek.tests.day16_ddf.DDFLoginTest">
    <failure type="java.lang.AssertionError" message="verify fullname expected [Efrain Lemke] but found [Alex Jones]">
      <![CDATA[java.lang.AssertionError: verify fullname expected [Efrain Lemke] but found [Alex Jones]
at com.cybertek.tests.day16_ddf.DDFLoginTest.test1(DDFLoginTest.java:36)
at java.util.ArrayList.forEach(ArrayList.java:1259)
... Removed 40 stack frames]]>
    </failure>
  </testcase> <!-- test1 -->
  <testcase name="test1" time="3.939" classname="com.cybertek.tests.day16_ddf.DDFLoginTest">
    <failure type="java.lang.AssertionError" message="verify fullname expected [Tyrese Pacocha] but found [Alex Jones]">
      <![CDATA[java.lang.AssertionError: verify fullname expected [Tyrese Pacocha] but found [Alex Jones]
at com.cybertek.tests.day16_ddf.DDFLoginTest.test1(DDFLoginTest.java:36)
at java.util.ArrayList.forEach(ArrayList.java:1259)
... Removed 40 stack frames]]>
    </failure>
  </testcase> <!-- test1 -->
  <testcase name="test1" time="3.548" classname="com.cybertek.tests.day16_ddf.DDFLoginTest">
    <failure type="java.lang.AssertionError" message="verify fullname expected [Karine Kshlerin] but found [Alex Jones]">
      <![CDATA[java.lang.AssertionError: verify fullname expected [Karine Kshlerin] but found [Alex Jones]
at com.cybertek.tests.day16_ddf.DDFLoginTest.test1(DDFLoginTest.java:36)
at java.util.ArrayList.forEach(ArrayList.java:1259)
... Removed 40 stack frames]]>
    </failure>
  </testcase> <!-- test1 -->
  <testcase name="test1" time="3.705" classname="com.cybertek.tests.day16_ddf.DDFLoginTest">
    <failure type="java.lang.AssertionError" message="verify fullname expected [Albina Crooks] but found [Alex Jones]">
      <![CDATA[java.lang.AssertionError: verify fullname expected [Albina Crooks] but found [Alex Jones]
at com.cybertek.tests.day16_ddf.DDFLoginTest.test1(DDFLoginTest.java:36)
at java.util.ArrayList.forEach(ArrayList.java:1259)
... Removed 40 stack frames]]>
    </failure>
  </testcase> <!-- test1 -->
  <testcase name="test1" time="3.796" classname="com.cybertek.tests.day16_ddf.DDFLoginTest">
    <failure type="java.lang.AssertionError" message="verify fullname expected [Melvin Gerhold] but found [Alex Jones]">
      <![CDATA[java.lang.AssertionError: verify fullname expected [Melvin Gerhold] but found [Alex Jones]
at com.cybertek.tests.day16_ddf.DDFLoginTest.test1(DDFLoginTest.java:36)
at java.util.ArrayList.forEach(ArrayList.java:1259)
... Removed 40 stack frames]]>
    </failure>
  </testcase> <!-- test1 -->
  <testcase name="test1" time="3.963" classname="com.cybertek.tests.day16_ddf.DDFLoginTest">
    <failure type="java.lang.AssertionError" message="verify fullname expected [Georgette Green] but found [Alex Jones]">
      <![CDATA[java.lang.AssertionError: verify fullname expected [Georgette Green] but found [Alex Jones]
at com.cybertek.tests.day16_ddf.DDFLoginTest.test1(DDFLoginTest.java:36)
at java.util.ArrayList.forEach(ArrayList.java:1259)
... Removed 40 stack frames]]>
    </failure>
  </testcase> <!-- test1 -->
  <testcase name="test1" time="3.765" classname="com.cybertek.tests.day16_ddf.DDFLoginTest">
    <failure type="java.lang.AssertionError" message="verify fullname expected [Elwyn Jones] but found [Alex Jones]">
      <![CDATA[java.lang.AssertionError: verify fullname expected [Elwyn Jones] but found [Alex Jones]
at com.cybertek.tests.day16_ddf.DDFLoginTest.test1(DDFLoginTest.java:36)
at java.util.ArrayList.forEach(ArrayList.java:1259)
... Removed 40 stack frames]]>
    </failure>
  </testcase> <!-- test1 -->
  <testcase name="test1" time="4.222" classname="com.cybertek.tests.day16_ddf.DDFLoginTest">
    <failure type="java.lang.AssertionError" message="verify fullname expected [Alyson Huels] but found [Alex Jones]">
      <![CDATA[java.lang.AssertionError: verify fullname expected [Alyson Huels] but found [Alex Jones]
at com.cybertek.tests.day16_ddf.DDFLoginTest.test1(DDFLoginTest.java:36)
at java.util.ArrayList.forEach(ArrayList.java:1259)
... Removed 40 stack frames]]>
    </failure>
  </testcase> <!-- test1 -->
  <testcase name="test1" time="3.625" classname="com.cybertek.tests.day16_ddf.DDFLoginTest">
    <failure type="java.lang.AssertionError" message="verify fullname expected [Harold Botsford] but found [Alex Jones]">
      <![CDATA[java.lang.AssertionError: verify fullname expected [Harold Botsford] but found [Alex Jones]
at com.cybertek.tests.day16_ddf.DDFLoginTest.test1(DDFLoginTest.java:36)
at java.util.ArrayList.forEach(ArrayList.java:1259)
... Removed 40 stack frames]]>
    </failure>
  </testcase> <!-- test1 -->
  <testcase name="test1" time="3.869" classname="com.cybertek.tests.day16_ddf.DDFLoginTest">
    <failure type="java.lang.AssertionError" message="verify fullname expected [Brain Nicolas] but found [Alex Jones]">
      <![CDATA[java.lang.AssertionError: verify fullname expected [Brain Nicolas] but found [Alex Jones]
at com.cybertek.tests.day16_ddf.DDFLoginTest.test1(DDFLoginTest.java:36)
at java.util.ArrayList.forEach(ArrayList.java:1259)
... Removed 40 stack frames]]>
    </failure>
  </testcase> <!-- test1 -->
  <testcase name="test1" time="3.892" classname="com.cybertek.tests.day16_ddf.DDFLoginTest">
    <failure type="java.lang.AssertionError" message="verify fullname expected [Deon Johnson] but found [Alex Jones]">
      <![CDATA[java.lang.AssertionError: verify fullname expected [Deon Johnson] but found [Alex Jones]
at com.cybertek.tests.day16_ddf.DDFLoginTest.test1(DDFLoginTest.java:36)
at java.util.ArrayList.forEach(ArrayList.java:1259)
... Removed 40 stack frames]]>
    </failure>
  </testcase> <!-- test1 -->
  <testcase name="test1" time="4.007" classname="com.cybertek.tests.day16_ddf.DDFLoginTest">
    <failure type="java.lang.AssertionError" message="verify fullname expected [Daniella Huel] but found [Alex Jones]">
      <![CDATA[java.lang.AssertionError: verify fullname expected [Daniella Huel] but found [Alex Jones]
at com.cybertek.tests.day16_ddf.DDFLoginTest.test1(DDFLoginTest.java:36)
at java.util.ArrayList.forEach(ArrayList.java:1259)
... Removed 40 stack frames]]>
    </failure>
  </testcase> <!-- test1 -->
  <testcase name="test1" time="3.484" classname="com.cybertek.tests.day16_ddf.DDFLoginTest">
    <failure type="java.lang.AssertionError" message="verify fullname expected [Emily Rempel] but found [Alex Jones]">
      <![CDATA[java.lang.AssertionError: verify fullname expected [Emily Rempel] but found [Alex Jones]
at com.cybertek.tests.day16_ddf.DDFLoginTest.test1(DDFLoginTest.java:36)
at java.util.ArrayList.forEach(ArrayList.java:1259)
... Removed 40 stack frames]]>
    </failure>
  </testcase> <!-- test1 -->
  <testcase name="test1" time="4.115" classname="com.cybertek.tests.day16_ddf.DDFLoginTest">
    <failure type="java.lang.AssertionError" message="verify fullname expected [Jett Denesik] but found [Alex Jones]">
      <![CDATA[java.lang.AssertionError: verify fullname expected [Jett Denesik] but found [Alex Jones]
at com.cybertek.tests.day16_ddf.DDFLoginTest.test1(DDFLoginTest.java:36)
at java.util.ArrayList.forEach(ArrayList.java:1259)
... Removed 40 stack frames]]>
    </failure>
  </testcase> <!-- test1 -->
  <testcase name="test1" time="3.374" classname="com.cybertek.tests.day16_ddf.DDFLoginTest">
    <failure type="java.lang.AssertionError" message="verify fullname expected [Leo Murazik] but found [Alex Jones]">
      <![CDATA[java.lang.AssertionError: verify fullname expected [Leo Murazik] but found [Alex Jones]
at com.cybertek.tests.day16_ddf.DDFLoginTest.test1(DDFLoginTest.java:36)
at java.util.ArrayList.forEach(ArrayList.java:1259)
... Removed 40 stack frames]]>
    </failure>
  </testcase> <!-- test1 -->
  <testcase name="test1" time="3.845" classname="com.cybertek.tests.day16_ddf.DDFLoginTest">
    <failure type="java.lang.AssertionError" message="verify fullname expected [Cheyenne Kerluke] but found [Alex Jones]">
      <![CDATA[java.lang.AssertionError: verify fullname expected [Cheyenne Kerluke] but found [Alex Jones]
at com.cybertek.tests.day16_ddf.DDFLoginTest.test1(DDFLoginTest.java:36)
at java.util.ArrayList.forEach(ArrayList.java:1259)
... Removed 40 stack frames]]>
    </failure>
  </testcase> <!-- test1 -->
  <testcase name="test1" time="3.879" classname="com.cybertek.tests.day16_ddf.DDFLoginTest">
    <failure type="java.lang.AssertionError" message="verify fullname expected [Floy Price] but found [Alex Jones]">
      <![CDATA[java.lang.AssertionError: verify fullname expected [Floy Price] but found [Alex Jones]
at com.cybertek.tests.day16_ddf.DDFLoginTest.test1(DDFLoginTest.java:36)
at java.util.ArrayList.forEach(ArrayList.java:1259)
... Removed 40 stack frames]]>
    </failure>
  </testcase> <!-- test1 -->
  <testcase name="test1" time="3.853" classname="com.cybertek.tests.day16_ddf.DDFLoginTest">
    <failure type="java.lang.AssertionError" message="verify fullname expected [Janiya Huels] but found [Alex Jones]">
      <![CDATA[java.lang.AssertionError: verify fullname expected [Janiya Huels] but found [Alex Jones]
at com.cybertek.tests.day16_ddf.DDFLoginTest.test1(DDFLoginTest.java:36)
at java.util.ArrayList.forEach(ArrayList.java:1259)
... Removed 40 stack frames]]>
    </failure>
  </testcase> <!-- test1 -->
  <testcase name="test1" time="3.834" classname="com.cybertek.tests.day16_ddf.DDFLoginTest">
    <failure type="java.lang.AssertionError" message="verify fullname expected [Estefania Kilback] but found [Alex Jones]">
      <![CDATA[java.lang.AssertionError: verify fullname expected [Estefania Kilback] but found [Alex Jones]
at com.cybertek.tests.day16_ddf.DDFLoginTest.test1(DDFLoginTest.java:36)
at java.util.ArrayList.forEach(ArrayList.java:1259)
... Removed 40 stack frames]]>
    </failure>
  </testcase> <!-- test1 -->
  <testcase name="test1" time="3.798" classname="com.cybertek.tests.day16_ddf.DDFLoginTest">
    <failure type="java.lang.AssertionError" message="verify fullname expected [Rosendo Cole] but found [Alex Jones]">
      <![CDATA[java.lang.AssertionError: verify fullname expected [Rosendo Cole] but found [Alex Jones]
at com.cybertek.tests.day16_ddf.DDFLoginTest.test1(DDFLoginTest.java:36)
at java.util.ArrayList.forEach(ArrayList.java:1259)
... Removed 40 stack frames]]>
    </failure>
  </testcase> <!-- test1 -->
  <testcase name="test1" time="3.646" classname="com.cybertek.tests.day16_ddf.DDFLoginTest">
    <failure type="java.lang.AssertionError" message="verify fullname expected [Marquis Stokes] but found [Alex Jones]">
      <![CDATA[java.lang.AssertionError: verify fullname expected [Marquis Stokes] but found [Alex Jones]
at com.cybertek.tests.day16_ddf.DDFLoginTest.test1(DDFLoginTest.java:36)
at java.util.ArrayList.forEach(ArrayList.java:1259)
... Removed 40 stack frames]]>
    </failure>
  </testcase> <!-- test1 -->
  <testcase name="test1" time="3.828" classname="com.cybertek.tests.day16_ddf.DDFLoginTest">
    <failure type="java.lang.AssertionError" message="verify fullname expected [Alexie King] but found [Alex Jones]">
      <![CDATA[java.lang.AssertionError: verify fullname expected [Alexie King] but found [Alex Jones]
at com.cybertek.tests.day16_ddf.DDFLoginTest.test1(DDFLoginTest.java:36)
at java.util.ArrayList.forEach(ArrayList.java:1259)
... Removed 40 stack frames]]>
    </failure>
  </testcase> <!-- test1 -->
  <testcase name="test1" time="3.831" classname="com.cybertek.tests.day16_ddf.DDFLoginTest">
    <failure type="java.lang.AssertionError" message="verify fullname expected [Rebeka Becker] but found [Alex Jones]">
      <![CDATA[java.lang.AssertionError: verify fullname expected [Rebeka Becker] but found [Alex Jones]
at com.cybertek.tests.day16_ddf.DDFLoginTest.test1(DDFLoginTest.java:36)
at java.util.ArrayList.forEach(ArrayList.java:1259)
... Removed 40 stack frames]]>
    </failure>
  </testcase> <!-- test1 -->
  <testcase name="test1" time="3.775" classname="com.cybertek.tests.day16_ddf.DDFLoginTest">
    <failure type="java.lang.AssertionError" message="verify fullname expected [Luna Kutch] but found [Alex Jones]">
      <![CDATA[java.lang.AssertionError: verify fullname expected [Luna Kutch] but found [Alex Jones]
at com.cybertek.tests.day16_ddf.DDFLoginTest.test1(DDFLoginTest.java:36)
at java.util.ArrayList.forEach(ArrayList.java:1259)
... Removed 40 stack frames]]>
    </failure>
  </testcase> <!-- test1 -->
  <testcase name="test1" time="3.985" classname="com.cybertek.tests.day16_ddf.DDFLoginTest">
    <failure type="java.lang.AssertionError" message="verify fullname expected [Jerel Vandervort] but found [Alex Jones]">
      <![CDATA[java.lang.AssertionError: verify fullname expected [Jerel Vandervort] but found [Alex Jones]
at com.cybertek.tests.day16_ddf.DDFLoginTest.test1(DDFLoginTest.java:36)
at java.util.ArrayList.forEach(ArrayList.java:1259)
... Removed 40 stack frames]]>
    </failure>
  </testcase> <!-- test1 -->
  <testcase name="test1" time="3.82" classname="com.cybertek.tests.day16_ddf.DDFLoginTest">
    <failure type="java.lang.AssertionError" message="verify fullname expected [Esther Treutel] but found [Alex Jones]">
      <![CDATA[java.lang.AssertionError: verify fullname expected [Esther Treutel] but found [Alex Jones]
at com.cybertek.tests.day16_ddf.DDFLoginTest.test1(DDFLoginTest.java:36)
at java.util.ArrayList.forEach(ArrayList.java:1259)
... Removed 40 stack frames]]>
    </failure>
  </testcase> <!-- test1 -->
  <testcase name="test1" time="4.414" classname="com.cybertek.tests.day16_ddf.DDFLoginTest">
    <failure type="java.lang.AssertionError" message="verify fullname expected [Telly Kohler] but found [Alex Jones]">
      <![CDATA[java.lang.AssertionError: verify fullname expected [Telly Kohler] but found [Alex Jones]
at com.cybertek.tests.day16_ddf.DDFLoginTest.test1(DDFLoginTest.java:36)
at java.util.ArrayList.forEach(ArrayList.java:1259)
... Removed 40 stack frames]]>
    </failure>
  </testcase> <!-- test1 -->
  <testcase name="test1" time="3.741" classname="com.cybertek.tests.day16_ddf.DDFLoginTest">
    <failure type="java.lang.AssertionError" message="verify fullname expected [Rolando Kub] but found [Alex Jones]">
      <![CDATA[java.lang.AssertionError: verify fullname expected [Rolando Kub] but found [Alex Jones]
at com.cybertek.tests.day16_ddf.DDFLoginTest.test1(DDFLoginTest.java:36)
at java.util.ArrayList.forEach(ArrayList.java:1259)
... Removed 40 stack frames]]>
    </failure>
  </testcase> <!-- test1 -->
  <testcase name="test1" time="3.857" classname="com.cybertek.tests.day16_ddf.DDFLoginTest">
    <failure type="java.lang.AssertionError" message="verify fullname expected [Lonzo Brekke] but found [Alex Jones]">
      <![CDATA[java.lang.AssertionError: verify fullname expected [Lonzo Brekke] but found [Alex Jones]
at com.cybertek.tests.day16_ddf.DDFLoginTest.test1(DDFLoginTest.java:36)
at java.util.ArrayList.forEach(ArrayList.java:1259)
... Removed 40 stack frames]]>
    </failure>
  </testcase> <!-- test1 -->
  <testcase name="test1" time="3.724" classname="com.cybertek.tests.day16_ddf.DDFLoginTest">
    <failure type="java.lang.AssertionError" message="verify fullname expected [Elena Purdy] but found [Alex Jones]">
      <![CDATA[java.lang.AssertionError: verify fullname expected [Elena Purdy] but found [Alex Jones]
at com.cybertek.tests.day16_ddf.DDFLoginTest.test1(DDFLoginTest.java:36)
at java.util.ArrayList.forEach(ArrayList.java:1259)
... Removed 40 stack frames]]>
    </failure>
  </testcase> <!-- test1 -->
  <testcase name="test1" time="3.357" classname="com.cybertek.tests.day16_ddf.DDFLoginTest">
    <failure type="java.lang.AssertionError" message="verify fullname expected [Isaac Berge] but found [Alex Jones]">
      <![CDATA[java.lang.AssertionError: verify fullname expected [Isaac Berge] but found [Alex Jones]
at com.cybertek.tests.day16_ddf.DDFLoginTest.test1(DDFLoginTest.java:36)
at java.util.ArrayList.forEach(ArrayList.java:1259)
... Removed 40 stack frames]]>
    </failure>
  </testcase> <!-- test1 -->
  <testcase name="test1" time="4.02" classname="com.cybertek.tests.day16_ddf.DDFLoginTest">
    <failure type="java.lang.AssertionError" message="verify fullname expected [Billie Nienow] but found [Alex Jones]">
      <![CDATA[java.lang.AssertionError: verify fullname expected [Billie Nienow] but found [Alex Jones]
at com.cybertek.tests.day16_ddf.DDFLoginTest.test1(DDFLoginTest.java:36)
at java.util.ArrayList.forEach(ArrayList.java:1259)
... Removed 40 stack frames]]>
    </failure>
  </testcase> <!-- test1 -->
[...]
... Removed 40 stack frames]]>
    </failure>
  </testcase> <!-- test1 -->
  <testcase name="test1" time="8.079" classname="com.cybertek.tests.day16_ddf.DDFLoginTest">
    <failure type="java.lang.AssertionError" message="verify fullname expected [Walton Deckow] but found [Alex Jones]">
      <![CDATA[java.lang.AssertionError: verify fullname expected [Walton Deckow] but found [Alex Jones]
at com.cybertek.tests.day16_ddf.DDFLoginTest.test1(DDFLoginTest.java:36)
at java.util.ArrayList.forEach(ArrayList.java:1259)
... Removed 40 stack frames]]>
    </failure>
  </testcase> <!-- test1 -->
  <testcase name="test1" time="7.837" classname="com.cybertek.tests.day16_ddf.DDFLoginTest">
    <failure type="java.lang.AssertionError" message="verify fullname expected [Providenci Kassulke] but found [Alex Jones]">
      <![CDATA[java.lang.AssertionError: verify fullname expected [Providenci Kassulke] but found [Alex Jones]
at com.cybertek.tests.day16_ddf.DDFLoginTest.test1(DDFLoginTest.java:36)
at java.util.ArrayList.forEach(ArrayList.java:1259)
... Removed 40 stack frames]]>
    </failure>
  </testcase> <!-- test1 -->
  <testcase name="test1" time="7.409" classname="com.cybertek.tests.day16_ddf.DDFLoginTest">
    <failure type="java.lang.AssertionError" message="verify fullname expected [Zora Hermiston] but found [Alex Jones]">
      <![CDATA[java.lang.AssertionError: verify fullname expected [Zora Hermiston] but found [Alex Jones]
at com.cybertek.tests.day16_ddf.DDFLoginTest.test1(DDFLoginTest.java:36)
at java.util.ArrayList.forEach(ArrayList.java:1259)
... Removed 40 stack frames]]>
    </failure>
  </testcase> <!-- test1 -->
  <testcase name="test1" time="7.779" classname="com.cybertek.tests.day16_ddf.DDFLoginTest">
    <failure type="java.lang.AssertionError" message="verify fullname expected [Rahul Kilback] but found [Alex Jones]">
      <![CDATA[java.lang.AssertionError: verify fullname expected [Rahul Kilback] but found [Alex Jones]
at com.cybertek.tests.day16_ddf.DDFLoginTest.test1(DDFLoginTest.java:36)
at java.util.ArrayList.forEach(ArrayList.java:1259)
... Removed 40 stack frames]]>
    </failure>
  </testcase> <!-- test1 -->
  <testcase name="test1" time="6.764" classname="com.cybertek.tests.day16_ddf.DDFLoginTest">
    <failure type="java.lang.AssertionError" message="verify fullname expected [Ashtyn Bayer] but found [Alex Jones]">
      <![CDATA[java.lang.AssertionError: verify fullname expected [Ashtyn Bayer] but found [Alex Jones]
at com.cybertek.tests.day16_ddf.DDFLoginTest.test1(DDFLoginTest.java:36)
at java.util.ArrayList.forEach(ArrayList.java:1259)
... Removed 40 stack frames]]>
    </failure>
  </testcase> <!-- test1 -->
  <testcase name="test1" time="1.391" classname="com.cybertek.tests.day16_ddf.DDFLoginTest">
    <failure type="org.openqa.selenium.ElementClickInterceptedException" message="element click intercepted: Element &amp;lt;button type=&amp;quot;submit&amp;quot; class=&amp;quot;btn btn-uppercase btn-primary pull-right&amp;quot; id=&amp;quot;_submit&amp;quot; name=&amp;quot;_submit&amp;quot;&amp;gt;...&amp;lt;/button&amp;gt; is not clickable at point (201, 212). Other element would receive the click: &amp;lt;div id=&amp;quot;login-page-loader&amp;quot;&amp;gt;&amp;lt;/div&amp;gt;
  (Session info: chrome=107.0.5304.107)
Build info: version: &amp;apos;3.141.59&amp;apos;, revision: &amp;apos;e82be7d358&amp;apos;, time: &amp;apos;2018-11-14T08:17:03&amp;apos;
System info: host: &amp;apos;WINDOWS-0EER12A&amp;apos;, ip: &amp;apos;192.168.119.130&amp;apos;, os.name: &amp;apos;Windows 10&amp;apos;, os.arch: &amp;apos;amd64&amp;apos;, os.version: &amp;apos;10.0&amp;apos;, java.version: &amp;apos;1.8.0_321&amp;apos;
Driver info: org.openqa.selenium.chrome.ChromeDriver
Capabilities {acceptInsecureCerts: false, browserName: chrome, browserVersion: 107.0.5304.107, chrome: {chromedriverVersion: 107.0.5304.62 (1eec40d3a576..., userDataDir: C:\Users\User\AppData\Local...}, goog:chromeOptions: {debuggerAddress: localhost:57156}, javascriptEnabled: true, networkConnectionEnabled: false, pageLoadStrategy: eager, platform: WINDOWS, platformName: WINDOWS, proxy: Proxy(), setWindowRect: true, strictFileInteractability: false, timeouts: {implicit: 0, pageLoad: 300000, script: 30000}, unhandledPromptBehavior: dismiss and notify, webauthn:extension:credBlob: true, webauthn:extension:largeBlob: true, webauthn:virtualAuthenticators: true}
Session ID: e5c21322cd86ddb63b3ba5c3fa579a95">
      <![CDATA[org.openqa.selenium.ElementClickInterceptedException: element click intercepted: Element <button type="submit" class="btn btn-uppercase btn-primary pull-right" id="_submit" name="_submit">...</button> is not clickable at point (201, 212). Other element would receive the click: <div id="login-page-loader"></div>
  (Session info: chrome=107.0.5304.107)
Build info: version: '3.141.59', revision: 'e82be7d358', time: '2018-11-14T08:17:03'
System info: host: 'WINDOWS-0EER12A', ip: '192.168.119.130', os.name: 'Windows 10', os.arch: 'amd64', os.version: '10.0', java.version: '1.8.0_321'
Driver info: org.openqa.selenium.chrome.ChromeDriver
Capabilities {acceptInsecureCerts: false, browserName: chrome, browserVersion: 107.0.5304.107, chrome: {chromedriverVersion: 107.0.5304.62 (1eec40d3a576..., userDataDir: C:\Users\User\AppData\Local...}, goog:chromeOptions: {debuggerAddress: localhost:57156}, javascriptEnabled: true, networkConnectionEnabled: false, pageLoadStrategy: eager, platform: WINDOWS, platformName: WINDOWS, proxy: Proxy(), setWindowRect: true, strictFileInteractability: false, timeouts: {implicit: 0, pageLoad: 300000, script: 30000}, unhandledPromptBehavior: dismiss and notify, webauthn:extension:credBlob: true, webauthn:extension:largeBlob: true, webauthn:virtualAuthenticators: true}
Session ID: e5c21322cd86ddb63b3ba5c3fa579a95
at org.openqa.selenium.remote.http.W3CHttpResponseCodec.createException(W3CHttpResponseCodec.java:187)
at org.openqa.selenium.remote.http.W3CHttpResponseCodec.decode(W3CHttpResponseCodec.java:122)
at org.openqa.selenium.remote.http.W3CHttpResponseCodec.decode(W3CHttpResponseCodec.java:49)
at org.openqa.selenium.remote.HttpCommandExecutor.execute(HttpCommandExecutor.java:158)
at org.openqa.selenium.remote.service.DriverCommandExecutor.execute(DriverCommandExecutor.java:83)
at org.openqa.selenium.remote.RemoteWebDriver.execute(RemoteWebDriver.java:552)
at org.openqa.selenium.remote.RemoteWebElement.execute(RemoteWebElement.java:285)
at org.openqa.selenium.remote.RemoteWebElement.click(RemoteWebElement.java:84)
at org.openqa.selenium.support.pagefactory.internal.LocatingElementHandler.invoke(LocatingElementHandler.java:51)
at com.sun.proxy.$Proxy12.click(Unknown Source)
at com.cybertek.pages.LoginPage.login(LoginPage.java:35)
at com.cybertek.tests.day16_ddf.DDFLoginTest.test1(DDFLoginTest.java:28)
at java.util.ArrayList.forEach(ArrayList.java:1259)
... Removed 43 stack frames]]>
    </failure>
  </testcase> <!-- test1 -->
  <testcase name="test1" time="12.315" classname="com.cybertek.tests.day16_ddf.DDFLoginTest">
    <failure type="java.lang.AssertionError" message="verify fullname expected [Dillon Stracke] but found [Alex Jones]">
      <![CDATA[java.lang.AssertionError: verify fullname expected [Dillon Stracke] but found [Alex Jones]
at com.cybertek.tests.day16_ddf.DDFLoginTest.test1(DDFLoginTest.java:36)
at java.util.ArrayList.forEach(ArrayList.java:1259)
... Removed 40 stack frames]]>
    </failure>
  </testcase> <!-- test1 -->
  <testcase name="test1" time="10.226" classname="com.cybertek.tests.day16_ddf.DDFLoginTest">
    <failure type="java.lang.AssertionError" message="verify fullname expected [Elinor Larson] but found [Alex Jones]">
      <![CDATA[java.lang.AssertionError: verify fullname expected [Elinor Larson] but found [Alex Jones]
at com.cybertek.tests.day16_ddf.DDFLoginTest.test1(DDFLoginTest.java:36)
at java.util.ArrayList.forEach(ArrayList.java:1259)
... Removed 40 stack frames]]>
    </failure>
  </testcase> <!-- test1 -->
  <testcase name="test1" time="44.15" classname="com.cybertek.tests.day16_ddf.DDFLoginTest">
    <failure type="org.openqa.selenium.WebDriverException" message="java.net.ConnectException: Failed to connect to localhost/0:0:0:0:0:0:0:1:5547
Build info: version: &amp;apos;3.141.59&amp;apos;, revision: &amp;apos;e82be7d358&amp;apos;, time: &amp;apos;2018-11-14T08:17:03&amp;apos;
System info: host: &amp;apos;WINDOWS-0EER12A&amp;apos;, ip: &amp;apos;192.168.119.130&amp;apos;, os.name: &amp;apos;Windows 10&amp;apos;, os.arch: &amp;apos;amd64&amp;apos;, os.version: &amp;apos;10.0&amp;apos;, java.version: &amp;apos;1.8.0_321&amp;apos;
Driver info: driver.version: RemoteWebDriver">
      <![CDATA[org.openqa.selenium.WebDriverException: java.net.ConnectException: Failed to connect to localhost/0:0:0:0:0:0:0:1:5547
Build info: version: '3.141.59', revision: 'e82be7d358', time: '2018-11-14T08:17:03'
System info: host: 'WINDOWS-0EER12A', ip: '192.168.119.130', os.name: 'Windows 10', os.arch: 'amd64', os.version: '10.0', java.version: '1.8.0_321'
Driver info: driver.version: RemoteWebDriver
at org.openqa.selenium.remote.service.DriverCommandExecutor.execute(DriverCommandExecutor.java:92)
at org.openqa.selenium.remote.RemoteWebDriver.execute(RemoteWebDriver.java:552)
at org.openqa.selenium.remote.RemoteWebDriver.findElement(RemoteWebDriver.java:323)
at org.openqa.selenium.remote.RemoteWebDriver.findElementByCssSelector(RemoteWebDriver.java:420)
at org.openqa.selenium.By$ByCssSelector.findElement(By.java:431)
at org.openqa.selenium.remote.RemoteWebDriver.findElement(RemoteWebDriver.java:315)
at org.openqa.selenium.support.pagefactory.DefaultElementLocator.findElement(DefaultElementLocator.java:69)
at org.openqa.selenium.support.pagefactory.internal.LocatingElementHandler.invoke(LocatingElementHandler.java:38)
at com.sun.proxy.$Proxy12.isDisplayed(Unknown Source)
at org.openqa.selenium.support.ui.ExpectedConditions.elementIfVisible(ExpectedConditions.java:314)
at org.openqa.selenium.support.ui.ExpectedConditions.access$000(ExpectedConditions.java:43)
at org.openqa.selenium.support.ui.ExpectedConditions$10.apply(ExpectedConditions.java:300)
at org.openqa.selenium.support.ui.ExpectedConditions$10.apply(ExpectedConditions.java:297)
at org.openqa.selenium.support.ui.FluentWait.until(FluentWait.java:249)
at com.cybertek.utilities.BrowserUtils.waitForVisibility(BrowserUtils.java:118)
at com.cybertek.pages.BasePage.getUserName(BasePage.java:65)
at com.cybertek.tests.day16_ddf.DDFLoginTest.test1(DDFLoginTest.java:33)
at java.util.ArrayList.forEach(ArrayList.java:1259)
Caused by: java.net.ConnectException: Failed to connect to localhost/0:0:0:0:0:0:0:1:5547
at okhttp3.internal.connection.RealConnection.connectSocket(RealConnection.java:247)
at okhttp3.internal.connection.RealConnection.connect(RealConnection.java:165)
at okhttp3.internal.connection.StreamAllocation.findConnection(StreamAllocation.java:257)
at okhttp3.internal.connection.StreamAllocation.findHealthyConnection(StreamAllocation.java:135)
at okhttp3.internal.connection.StreamAllocation.newStream(StreamAllocation.java:114)
at okhttp3.internal.connection.ConnectInterceptor.intercept(ConnectInterceptor.java:42)
at okhttp3.internal.http.RealInterceptorChain.proceed(RealInterceptorChain.java:147)
at okhttp3.internal.http.RealInterceptorChain.proceed(RealInterceptorChain.java:121)
at okhttp3.internal.cache.CacheInterceptor.intercept(CacheInterceptor.java:93)
at okhttp3.internal.http.RealInterceptorChain.proceed(RealInterceptorChain.java:147)
at okhttp3.internal.http.RealInterceptorChain.proceed(RealInterceptorChain.java:121)
at okhttp3.internal.http.BridgeInterceptor.intercept(BridgeInterceptor.java:93)
at okhttp3.internal.http.RealInterceptorChain.proceed(RealInterceptorChain.java:147)
at okhttp3.internal.http.RetryAndFollowUpInterceptor.intercept(RetryAndFollowUpInterceptor.java:126)
at okhttp3.internal.http.RealInterceptorChain.proceed(RealInterceptorChain.java:147)
at okhttp3.internal.http.RealInterceptorChain.proceed(RealInterceptorChain.java:121)
at okhttp3.RealCall.getResponseWithInterceptorChain(RealCall.java:200)
at okhttp3.RealCall.execute(RealCall.java:77)
at org.openqa.selenium.remote.internal.OkHttpClient.execute(OkHttpClient.java:103)
at org.openqa.selenium.remote.HttpCommandExecutor.execute(HttpCommandExecutor.java:155)
at org.openqa.selenium.remote.service.DriverCommandExecutor.execute(DriverCommandExecutor.java:83)
... 53 more
Caused by: java.net.ConnectException: Connection refused: connect
at java.net.DualStackPlainSocketImpl.waitForConnect(Native Method)
at java.net.DualStackPlainSocketImpl.socketConnect(DualStackPlainSocketImpl.java:81)
at java.net.AbstractPlainSocketImpl.doConnect(AbstractPlainSocketImpl.java:476)
at java.net.AbstractPlainSocketImpl.connectToAddress(AbstractPlainSocketImpl.java:218)
at java.net.AbstractPlainSocketImpl.connect(AbstractPlainSocketImpl.java:200)
at java.net.PlainSocketImpl.connect(PlainSocketImpl.java:162)
at java.net.SocksSocketImpl.connect(SocksSocketImpl.java:394)
at java.net.Socket.connect(Socket.java:606)
at okhttp3.internal.platform.Platform.connectSocket(Platform.java:129)
at okhttp3.internal.connection.RealConnection.connectSocket(RealConnection.java:245)
... 73 more
... Removed 36 stack frames]]>
    </failure>
  </testcase> <!-- test1 -->
  <testcase name="test1" time="0.0" classname="com.cybertek.tests.day16_ddf.DDFLoginTest">
    <skipped/>
  </testcase> <!-- test1 -->
  <testcase name="test1" time="0.0" classname="com.cybertek.tests.day16_ddf.DDFLoginTest">
    <skipped/>
  </testcase> <!-- test1 -->
  <testcase name="test1" time="0.0" classname="com.cybertek.tests.day16_ddf.DDFLoginTest">
    <skipped/>
  </testcase> <!-- test1 -->
  <testcase name="test1" time="0.0" classname="com.cybertek.tests.day16_ddf.DDFLoginTest">
    <skipped/>
  </testcase> <!-- test1 -->
  <testcase name="test1" time="0.0" classname="com.cybertek.tests.day16_ddf.DDFLoginTest">
    <skipped/>
  </testcase> <!-- test1 -->
  <testcase name="test1" time="0.0" classname="com.cybertek.tests.day16_ddf.DDFLoginTest">
    <skipped/>
  </testcase> <!-- test1 -->
  <testcase name="test1" time="0.0" classname="com.cybertek.tests.day16_ddf.DDFLoginTest">
    <skipped/>
  </testcase> <!-- test1 -->
  <testcase name="test1" time="0.0" classname="com.cybertek.tests.day16_ddf.DDFLoginTest">
    <skipped/>
  </testcase> <!-- test1 -->
  <testcase name="test1" time="0.0" classname="com.cybertek.tests.day16_ddf.DDFLoginTest">
    <skipped/>
  </testcase> <!-- test1 -->
  <testcase name="test1" time="0.0" classname="com.cybertek.tests.day16_ddf.DDFLoginTest">
    <skipped/>
  </testcase> <!-- test1 -->
  <testcase name="test1" time="0.0" classname="com.cybertek.tests.day16_ddf.DDFLoginTest">
    <skipped/>
  </testcase> <!-- test1 -->
  <testcase name="test1" time="0.0" classname="com.cybertek.tests.day16_ddf.DDFLoginTest">
    <skipped/>
  </testcase> <!-- test1 -->
  <testcase name="test1" time="0.0" classname="com.cybertek.tests.day16_ddf.DDFLoginTest">
    <skipped/>
  </testcase> <!-- test1 -->
  <testcase name="test1" time="0.0" classname="com.cybertek.tests.day16_ddf.DDFLoginTest">
    <skipped/>
  </testcase> <!-- test1 -->
  <testcase name="test1" time="0.0" classname="com.cybertek.tests.day16_ddf.DDFLoginTest">
    <skipped/>
  </testcase> <!-- test1 -->
  <testcase name="test1" time="0.0" classname="com.cybertek.tests.day16_ddf.DDFLoginTest">
    <skipped/>
  </testcase> <!-- test1 -->
  <testcase name="test1" time="0.0" classname="com.cybertek.tests.day16_ddf.DDFLoginTest">
    <skipped/>
  </testcase> <!-- test1 -->
  <testcase name="test1" time="0.0" classname="com.cybertek.tests.day16_ddf.DDFLoginTest">
    <skipped/>
  </testcase> <!-- test1 -->
  <testcase name="test1" time="0.0" classname="com.cybertek.tests.day16_ddf.DDFLoginTest">
    <skipped/>
  </testcase> <!-- test1 -->
  <testcase name="test1" time="0.0" classname="com.cybertek.tests.day16_ddf.DDFLoginTest">
    <skipped/>
  </testcase> <!-- test1 -->
  <testcase name="test1" time="0.0" classname="com.cybertek.tests.day16_ddf.DDFLoginTest">
    <skipped/>
  </testcase> <!-- test1 -->
  <testcase name="test1" time="0.0" classname="com.cybertek.tests.day16_ddf.DDFLoginTest">
    <skipped/>
  </testcase> <!-- test1 -->
  <testcase name="test1" time="0.0" classname="com.cybertek.tests.day16_ddf.DDFLoginTest">
    <skipped/>
  </testcase> <!-- test1 -->
  <testcase name="test1" time="0.0" classname="com.cybertek.tests.day16_ddf.DDFLoginTest">
    <skipped/>
  </testcase> <!-- test1 -->
  <testcase name="test1" time="0.0" classname="com.cybertek.tests.day16_ddf.DDFLoginTest">
    <skipped/>
  </testcase> <!-- test1 -->
  <testcase name="test1" time="0.0" classname="com.cybertek.tests.day16_ddf.DDFLoginTest">
    <skipped/>
  </testcase> <!-- test1 -->
  <testcase name="test1" time="0.0" classname="com.cybertek.tests.day16_ddf.DDFLoginTest">
    <skipped/>
  </testcase> <!-- test1 -->
  <testcase name="test1" time="0.0" classname="com.cybertek.tests.day16_ddf.DDFLoginTest">
    <skipped/>
  </testcase> <!-- test1 -->
  <testcase name="test1" time="0.0" classname="com.cybertek.tests.day16_ddf.DDFLoginTest">
    <skipped/>
  </testcase> <!-- test1 -->
  <testcase name="test1" time="0.0" classname="com.cybertek.tests.day16_ddf.DDFLoginTest">
    <skipped/>
  </testcase> <!-- test1 -->
  <testcase name="test1" time="0.0" classname="com.cybertek.tests.day16_ddf.DDFLoginTest">
    <skipped/>
  </testcase> <!-- test1 -->
  <testcase name="test1" time="0.0" classname="com.cybertek.tests.day16_ddf.DDFLoginTest">
    <skipped/>
  </testcase> <!-- test1 -->
  <testcase name="test1" time="0.0" classname="com.cybertek.tests.day16_ddf.DDFLoginTest">
    <skipped/>
  </testcase> <!-- test1 -->
  <testcase name="@AfterTest tearDownTest" time="0.0" classname="com.cybertek.tests.TestBase">
    <ignored/>
  </testcase> <!-- @AfterTest tearDownTest -->
  <testcase name="@AfterTest tearDownTest" time="0.0" classname="com.cybertek.tests.TestBase">
    <ignored/>
  </testcase> <!-- @AfterTest tearDownTest -->
  <testcase name="@AfterTest tearDownTest" time="0.0" classname="com.cybertek.tests.TestBase">
    <ignored/>
  </testcase> <!-- @AfterTest tearDownTest -->
  <testcase name="@AfterTest tearDownTest" time="0.0" classname="com.cybertek.tests.TestBase">
    <ignored/>
  </testcase> <!-- @AfterTest tearDownTest -->
  <testcase name="@AfterTest tearDownTest" time="0.0" classname="com.cybertek.tests.TestBase">
    <ignored/>
  </testcase> <!-- @AfterTest tearDownTest -->
  <testcase name="@AfterTest tearDownTest" time="0.0" classname="com.cybertek.tests.TestBase">
    <ignored/>
  </testcase> <!-- @AfterTest tearDownTest -->
  <testcase name="@AfterTest tearDownTest" time="0.0" classname="com.cybertek.tests.TestBase">
    <ignored/>
  </testcase> <!-- @AfterTest tearDownTest -->
  <testcase name="@BeforeTest setUpTest" time="0.0" classname="com.cybertek.tests.TestBase">
    <ignored/>
  </testcase> <!-- @BeforeTest setUpTest -->
  <testcase name="@BeforeTest setUpTest" time="0.0" classname="com.cybertek.tests.TestBase">
    <ignored/>
  </testcase> <!-- @BeforeTest setUpTest -->
  <testcase name="@BeforeTest setUpTest" time="0.0" classname="com.cybertek.tests.TestBase">
    <ignored/>
  </testcase> <!-- @BeforeTest setUpTest -->
  <testcase name="@BeforeTest setUpTest" time="0.0" classname="com.cybertek.tests.TestBase">
    <ignored/>
  </testcase> <!-- @BeforeTest setUpTest -->
  <testcase name="@BeforeTest setUpTest" time="0.0" classname="com.cybertek.tests.TestBase">
    <ignored/>
  </testcase> <!-- @BeforeTest setUpTest -->
  <testcase name="@BeforeTest setUpTest" time="0.0" classname="com.cybertek.tests.TestBase">
    <ignored/>
  </testcase> <!-- @BeforeTest setUpTest -->
  <testcase name="@BeforeTest setUpTest" time="0.0" classname="com.cybertek.tests.TestBase">
    <ignored/>
  </testcase> <!-- @BeforeTest setUpTest -->
</testsuite> <!-- Command line test -->
